2015-12-20 12:52:13,097 Performance - ---------------------------------------------------
CPU Usage: 0.00%, Physical Memory Usage: 38,760,448.00, Total Thread Count: 24
AvailableWorkingThreads: 32766, AvailableCompletionPortThreads: 1000
MaxWorkingThreads: 32767, MaxCompletionPortThreads: 1000
GameService ----------------------------------
Started Time: 2015/12/20 星期日 12:52:11
Is Running: True
Total Connections: 0
Maximum Allowed Connection Number: 1000
Total Handled Requests: 0
Request Handling Speed (#/second): 0
Avialable Sending Queue Items: 256
Total Sending Queue Items: 256

2015-12-20 12:53:11,692 Performance - ---------------------------------------------------
CPU Usage: 0.00%, Physical Memory Usage: 41,689,088.00, Total Thread Count: 26
AvailableWorkingThreads: 32766, AvailableCompletionPortThreads: 1000
MaxWorkingThreads: 32767, MaxCompletionPortThreads: 1000
GameService ----------------------------------
Started Time: 2015/12/20 星期日 12:52:11
Is Running: True
Total Connections: 0
Maximum Allowed Connection Number: 1000
Total Handled Requests: 0
Request Handling Speed (#/second): 0
Avialable Sending Queue Items: 256
Total Sending Queue Items: 256

2015-12-20 12:54:11,881 Performance - ---------------------------------------------------
CPU Usage: 0.02%, Physical Memory Usage: 42,278,912.00, Total Thread Count: 26
AvailableWorkingThreads: 32766, AvailableCompletionPortThreads: 1000
MaxWorkingThreads: 32767, MaxCompletionPortThreads: 1000
GameService ----------------------------------
Started Time: 2015/12/20 星期日 12:52:11
Is Running: True
Total Connections: 0
Maximum Allowed Connection Number: 1000
Total Handled Requests: 0
Request Handling Speed (#/second): 0
Avialable Sending Queue Items: 256
Total Sending Queue Items: 256

2015-12-20 12:55:11,702 Performance - ---------------------------------------------------
CPU Usage: 0.01%, Physical Memory Usage: 42,545,152.00, Total Thread Count: 25
AvailableWorkingThreads: 32766, AvailableCompletionPortThreads: 1000
MaxWorkingThreads: 32767, MaxCompletionPortThreads: 1000
GameService ----------------------------------
Started Time: 2015/12/20 星期日 12:52:11
Is Running: True
Total Connections: 0
Maximum Allowed Connection Number: 1000
Total Handled Requests: 0
Request Handling Speed (#/second): 0
Avialable Sending Queue Items: 256
Total Sending Queue Items: 256

2015-12-20 12:56:11,709 Performance - ---------------------------------------------------
CPU Usage: 0.00%, Physical Memory Usage: 42,823,680.00, Total Thread Count: 25
AvailableWorkingThreads: 32766, AvailableCompletionPortThreads: 1000
MaxWorkingThreads: 32767, MaxCompletionPortThreads: 1000
GameService ----------------------------------
Started Time: 2015/12/20 星期日 12:52:11
Is Running: True
Total Connections: 0
Maximum Allowed Connection Number: 1000
Total Handled Requests: 0
Request Handling Speed (#/second): 0
Avialable Sending Queue Items: 256
Total Sending Queue Items: 256

2015-12-20 12:57:11,709 Performance - ---------------------------------------------------
CPU Usage: 0.00%, Physical Memory Usage: 42,909,696.00, Total Thread Count: 25
AvailableWorkingThreads: 32766, AvailableCompletionPortThreads: 1000
MaxWorkingThreads: 32767, MaxCompletionPortThreads: 1000
GameService ----------------------------------
Started Time: 2015/12/20 星期日 12:52:11
Is Running: True
Total Connections: 0
Maximum Allowed Connection Number: 1000
Total Handled Requests: 0
Request Handling Speed (#/second): 0
Avialable Sending Queue Items: 256
Total Sending Queue Items: 256

2015-12-20 12:58:11,709 Performance - ---------------------------------------------------
CPU Usage: 0.00%, Physical Memory Usage: 43,290,624.00, Total Thread Count: 25
AvailableWorkingThreads: 32766, AvailableCompletionPortThreads: 1000
MaxWorkingThreads: 32767, MaxCompletionPortThreads: 1000
GameService ----------------------------------
Started Time: 2015/12/20 星期日 12:52:11
Is Running: True
Total Connections: 0
Maximum Allowed Connection Number: 1000
Total Handled Requests: 0
Request Handling Speed (#/second): 0
Avialable Sending Queue Items: 256
Total Sending Queue Items: 256

2015-12-20 12:59:11,724 Performance - ---------------------------------------------------
CPU Usage: 0.05%, Physical Memory Usage: 44,277,760.00, Total Thread Count: 28
AvailableWorkingThreads: 32766, AvailableCompletionPortThreads: 1000
MaxWorkingThreads: 32767, MaxCompletionPortThreads: 1000
GameService ----------------------------------
Started Time: 2015/12/20 星期日 12:52:11
Is Running: True
Total Connections: 1
Maximum Allowed Connection Number: 1000
Total Handled Requests: 0
Request Handling Speed (#/second): 0
Avialable Sending Queue Items: 255
Total Sending Queue Items: 256

2015-12-20 13:00:11,709 Performance - ---------------------------------------------------
CPU Usage: 0.01%, Physical Memory Usage: 44,793,856.00, Total Thread Count: 26
AvailableWorkingThreads: 32766, AvailableCompletionPortThreads: 1000
MaxWorkingThreads: 32767, MaxCompletionPortThreads: 1000
GameService ----------------------------------
Started Time: 2015/12/20 星期日 12:52:11
Is Running: True
Total Connections: 0
Maximum Allowed Connection Number: 1000
Total Handled Requests: 0
Request Handling Speed (#/second): 0
Avialable Sending Queue Items: 256
Total Sending Queue Items: 256

2015-12-20 13:01:11,720 Performance - ---------------------------------------------------
CPU Usage: 0.00%, Physical Memory Usage: 45,088,768.00, Total Thread Count: 26
AvailableWorkingThreads: 32765, AvailableCompletionPortThreads: 1000
MaxWorkingThreads: 32767, MaxCompletionPortThreads: 1000
GameService ----------------------------------
Started Time: 2015/12/20 星期日 12:52:11
Is Running: True
Total Connections: 0
Maximum Allowed Connection Number: 1000
Total Handled Requests: 0
Request Handling Speed (#/second): 0
Avialable Sending Queue Items: 256
Total Sending Queue Items: 256

2015-12-20 13:02:11,710 Performance - ---------------------------------------------------
CPU Usage: 0.01%, Physical Memory Usage: 45,441,024.00, Total Thread Count: 26
AvailableWorkingThreads: 32765, AvailableCompletionPortThreads: 1000
MaxWorkingThreads: 32767, MaxCompletionPortThreads: 1000
GameService ----------------------------------
Started Time: 2015/12/20 星期日 12:52:11
Is Running: True
Total Connections: 0
Maximum Allowed Connection Number: 1000
Total Handled Requests: 0
Request Handling Speed (#/second): 0
Avialable Sending Queue Items: 256
Total Sending Queue Items: 256

2015-12-20 13:03:11,710 Performance - ---------------------------------------------------
CPU Usage: 0.01%, Physical Memory Usage: 45,568,000.00, Total Thread Count: 26
AvailableWorkingThreads: 32765, AvailableCompletionPortThreads: 1000
MaxWorkingThreads: 32767, MaxCompletionPortThreads: 1000
GameService ----------------------------------
Started Time: 2015/12/20 星期日 12:52:11
Is Running: True
Total Connections: 0
Maximum Allowed Connection Number: 1000
Total Handled Requests: 0
Request Handling Speed (#/second): 0
Avialable Sending Queue Items: 256
Total Sending Queue Items: 256

2015-12-20 13:04:11,724 Performance - ---------------------------------------------------
CPU Usage: 0.01%, Physical Memory Usage: 45,948,928.00, Total Thread Count: 26
AvailableWorkingThreads: 32765, AvailableCompletionPortThreads: 1000
MaxWorkingThreads: 32767, MaxCompletionPortThreads: 1000
GameService ----------------------------------
Started Time: 2015/12/20 星期日 12:52:11
Is Running: True
Total Connections: 0
Maximum Allowed Connection Number: 1000
Total Handled Requests: 0
Request Handling Speed (#/second): 0
Avialable Sending Queue Items: 256
Total Sending Queue Items: 256

2015-12-20 13:05:11,723 Performance - ---------------------------------------------------
CPU Usage: 0.07%, Physical Memory Usage: 47,300,608.00, Total Thread Count: 26
AvailableWorkingThreads: 32766, AvailableCompletionPortThreads: 1000
MaxWorkingThreads: 32767, MaxCompletionPortThreads: 1000
GameService ----------------------------------
Started Time: 2015/12/20 星期日 12:52:11
Is Running: True
Total Connections: 1
Maximum Allowed Connection Number: 1000
Total Handled Requests: 1
Request Handling Speed (#/second): 0
Avialable Sending Queue Items: 255
Total Sending Queue Items: 256

2015-12-20 13:06:11,714 Performance - ---------------------------------------------------
CPU Usage: 0.00%, Physical Memory Usage: 47,538,176.00, Total Thread Count: 25
AvailableWorkingThreads: 32766, AvailableCompletionPortThreads: 1000
MaxWorkingThreads: 32767, MaxCompletionPortThreads: 1000
GameService ----------------------------------
Started Time: 2015/12/20 星期日 12:52:11
Is Running: True
Total Connections: 1
Maximum Allowed Connection Number: 1000
Total Handled Requests: 2
Request Handling Speed (#/second): 0
Avialable Sending Queue Items: 255
Total Sending Queue Items: 256

2015-12-20 13:07:11,722 Performance - ---------------------------------------------------
CPU Usage: 0.03%, Physical Memory Usage: 48,070,656.00, Total Thread Count: 26
AvailableWorkingThreads: 32766, AvailableCompletionPortThreads: 1000
MaxWorkingThreads: 32767, MaxCompletionPortThreads: 1000
GameService ----------------------------------
Started Time: 2015/12/20 星期日 12:52:11
Is Running: True
Total Connections: 1
Maximum Allowed Connection Number: 1000
Total Handled Requests: 3
Request Handling Speed (#/second): 0
Avialable Sending Queue Items: 255
Total Sending Queue Items: 256

2015-12-20 13:08:11,713 Performance - ---------------------------------------------------
CPU Usage: 0.00%, Physical Memory Usage: 48,472,064.00, Total Thread Count: 25
AvailableWorkingThreads: 32766, AvailableCompletionPortThreads: 1000
MaxWorkingThreads: 32767, MaxCompletionPortThreads: 1000
GameService ----------------------------------
Started Time: 2015/12/20 星期日 12:52:11
Is Running: True
Total Connections: 1
Maximum Allowed Connection Number: 1000
Total Handled Requests: 3
Request Handling Speed (#/second): 0
Avialable Sending Queue Items: 255
Total Sending Queue Items: 256

2015-12-20 13:09:11,713 Performance - ---------------------------------------------------
CPU Usage: 0.01%, Physical Memory Usage: 48,549,888.00, Total Thread Count: 25
AvailableWorkingThreads: 32766, AvailableCompletionPortThreads: 1000
MaxWorkingThreads: 32767, MaxCompletionPortThreads: 1000
GameService ----------------------------------
Started Time: 2015/12/20 星期日 12:52:11
Is Running: True
Total Connections: 1
Maximum Allowed Connection Number: 1000
Total Handled Requests: 3
Request Handling Speed (#/second): 0
Avialable Sending Queue Items: 255
Total Sending Queue Items: 256

2015-12-20 13:10:11,714 Performance - ---------------------------------------------------
CPU Usage: 0.01%, Physical Memory Usage: 40,411,136.00, Total Thread Count: 25
AvailableWorkingThreads: 32766, AvailableCompletionPortThreads: 1000
MaxWorkingThreads: 32767, MaxCompletionPortThreads: 1000
GameService ----------------------------------
Started Time: 2015/12/20 星期日 12:52:11
Is Running: True
Total Connections: 1
Maximum Allowed Connection Number: 1000
Total Handled Requests: 3
Request Handling Speed (#/second): 0
Avialable Sending Queue Items: 255
Total Sending Queue Items: 256

2015-12-20 13:11:11,759 Performance - ---------------------------------------------------
CPU Usage: 0.01%, Physical Memory Usage: 42,921,984.00, Total Thread Count: 25
AvailableWorkingThreads: 32766, AvailableCompletionPortThreads: 1000
MaxWorkingThreads: 32767, MaxCompletionPortThreads: 1000
GameService ----------------------------------
Started Time: 2015/12/20 星期日 12:52:11
Is Running: True
Total Connections: 1
Maximum Allowed Connection Number: 1000
Total Handled Requests: 3
Request Handling Speed (#/second): 0
Avialable Sending Queue Items: 255
Total Sending Queue Items: 256

2015-12-20 13:12:11,715 Performance - ---------------------------------------------------
CPU Usage: 0.04%, Physical Memory Usage: 43,315,200.00, Total Thread Count: 25
AvailableWorkingThreads: 32766, AvailableCompletionPortThreads: 1000
MaxWorkingThreads: 32767, MaxCompletionPortThreads: 1000
GameService ----------------------------------
Started Time: 2015/12/20 星期日 12:52:11
Is Running: True
Total Connections: 1
Maximum Allowed Connection Number: 1000
Total Handled Requests: 3
Request Handling Speed (#/second): 0
Avialable Sending Queue Items: 255
Total Sending Queue Items: 256

2015-12-20 13:13:11,714 Performance - ---------------------------------------------------
CPU Usage: 0.00%, Physical Memory Usage: 43,446,272.00, Total Thread Count: 25
AvailableWorkingThreads: 32766, AvailableCompletionPortThreads: 1000
MaxWorkingThreads: 32767, MaxCompletionPortThreads: 1000
GameService ----------------------------------
Started Time: 2015/12/20 星期日 12:52:11
Is Running: True
Total Connections: 1
Maximum Allowed Connection Number: 1000
Total Handled Requests: 3
Request Handling Speed (#/second): 0
Avialable Sending Queue Items: 255
Total Sending Queue Items: 256

2015-12-20 13:14:11,718 Performance - ---------------------------------------------------
CPU Usage: 0.01%, Physical Memory Usage: 43,597,824.00, Total Thread Count: 25
AvailableWorkingThreads: 32766, AvailableCompletionPortThreads: 1000
MaxWorkingThreads: 32767, MaxCompletionPortThreads: 1000
GameService ----------------------------------
Started Time: 2015/12/20 星期日 12:52:11
Is Running: True
Total Connections: 1
Maximum Allowed Connection Number: 1000
Total Handled Requests: 3
Request Handling Speed (#/second): 0
Avialable Sending Queue Items: 255
Total Sending Queue Items: 256

2015-12-20 13:15:11,716 Performance - ---------------------------------------------------
CPU Usage: 0.01%, Physical Memory Usage: 42,184,704.00, Total Thread Count: 25
AvailableWorkingThreads: 32766, AvailableCompletionPortThreads: 1000
MaxWorkingThreads: 32767, MaxCompletionPortThreads: 1000
GameService ----------------------------------
Started Time: 2015/12/20 星期日 12:52:11
Is Running: True
Total Connections: 1
Maximum Allowed Connection Number: 1000
Total Handled Requests: 3
Request Handling Speed (#/second): 0
Avialable Sending Queue Items: 255
Total Sending Queue Items: 256

2015-12-20 13:16:11,717 Performance - ---------------------------------------------------
CPU Usage: 0.01%, Physical Memory Usage: 42,561,536.00, Total Thread Count: 25
AvailableWorkingThreads: 32766, AvailableCompletionPortThreads: 1000
MaxWorkingThreads: 32767, MaxCompletionPortThreads: 1000
GameService ----------------------------------
Started Time: 2015/12/20 星期日 12:52:11
Is Running: True
Total Connections: 1
Maximum Allowed Connection Number: 1000
Total Handled Requests: 3
Request Handling Speed (#/second): 0
Avialable Sending Queue Items: 255
Total Sending Queue Items: 256

2015-12-20 13:17:11,717 Performance - ---------------------------------------------------
CPU Usage: 0.01%, Physical Memory Usage: 42,643,456.00, Total Thread Count: 25
AvailableWorkingThreads: 32766, AvailableCompletionPortThreads: 1000
MaxWorkingThreads: 32767, MaxCompletionPortThreads: 1000
GameService ----------------------------------
Started Time: 2015/12/20 星期日 12:52:11
Is Running: True
Total Connections: 1
Maximum Allowed Connection Number: 1000
Total Handled Requests: 3
Request Handling Speed (#/second): 0
Avialable Sending Queue Items: 255
Total Sending Queue Items: 256

2015-12-20 13:18:11,717 Performance - ---------------------------------------------------
CPU Usage: 0.01%, Physical Memory Usage: 43,089,920.00, Total Thread Count: 25
AvailableWorkingThreads: 32766, AvailableCompletionPortThreads: 1000
MaxWorkingThreads: 32767, MaxCompletionPortThreads: 1000
GameService ----------------------------------
Started Time: 2015/12/20 星期日 12:52:11
Is Running: True
Total Connections: 1
Maximum Allowed Connection Number: 1000
Total Handled Requests: 3
Request Handling Speed (#/second): 0
Avialable Sending Queue Items: 255
Total Sending Queue Items: 256

2015-12-20 13:19:11,744 Performance - ---------------------------------------------------
CPU Usage: 0.01%, Physical Memory Usage: 43,540,480.00, Total Thread Count: 26
AvailableWorkingThreads: 32766, AvailableCompletionPortThreads: 1000
MaxWorkingThreads: 32767, MaxCompletionPortThreads: 1000
GameService ----------------------------------
Started Time: 2015/12/20 星期日 12:52:11
Is Running: True
Total Connections: 0
Maximum Allowed Connection Number: 1000
Total Handled Requests: 3
Request Handling Speed (#/second): 0
Avialable Sending Queue Items: 256
Total Sending Queue Items: 256

2015-12-20 13:20:11,738 Performance - ---------------------------------------------------
CPU Usage: 0.01%, Physical Memory Usage: 42,237,952.00, Total Thread Count: 26
AvailableWorkingThreads: 32765, AvailableCompletionPortThreads: 1000
MaxWorkingThreads: 32767, MaxCompletionPortThreads: 1000
GameService ----------------------------------
Started Time: 2015/12/20 星期日 12:52:11
Is Running: True
Total Connections: 1
Maximum Allowed Connection Number: 1000
Total Handled Requests: 3
Request Handling Speed (#/second): 0
Avialable Sending Queue Items: 255
Total Sending Queue Items: 256

2015-12-20 13:21:55,428 Performance - ---------------------------------------------------
CPU Usage: 0.00%, Physical Memory Usage: 37,945,344.00, Total Thread Count: 26
AvailableWorkingThreads: 32766, AvailableCompletionPortThreads: 1000
MaxWorkingThreads: 32767, MaxCompletionPortThreads: 1000
GameService ----------------------------------
Started Time: 2015/12/20 星期日 13:21:55
Is Running: True
Total Connections: 0
Maximum Allowed Connection Number: 1000
Total Handled Requests: 0
Request Handling Speed (#/second): 0
Avialable Sending Queue Items: 256
Total Sending Queue Items: 256

2015-12-20 13:23:12,529 Performance - ---------------------------------------------------
CPU Usage: 0.00%, Physical Memory Usage: 37,916,672.00, Total Thread Count: 24
AvailableWorkingThreads: 32766, AvailableCompletionPortThreads: 1000
MaxWorkingThreads: 32767, MaxCompletionPortThreads: 1000
GameService ----------------------------------
Started Time: 2015/12/20 星期日 13:23:12
Is Running: True
Total Connections: 0
Maximum Allowed Connection Number: 1000
Total Handled Requests: 0
Request Handling Speed (#/second): 0
Avialable Sending Queue Items: 256
Total Sending Queue Items: 256

2015-12-20 13:24:12,520 Performance - ---------------------------------------------------
CPU Usage: 0.07%, Physical Memory Usage: 40,992,768.00, Total Thread Count: 27
AvailableWorkingThreads: 32766, AvailableCompletionPortThreads: 1000
MaxWorkingThreads: 32767, MaxCompletionPortThreads: 1000
GameService ----------------------------------
Started Time: 2015/12/20 星期日 13:23:12
Is Running: True
Total Connections: 0
Maximum Allowed Connection Number: 1000
Total Handled Requests: 1
Request Handling Speed (#/second): 0
Avialable Sending Queue Items: 256
Total Sending Queue Items: 256

2015-12-20 13:25:12,539 Performance - ---------------------------------------------------
CPU Usage: 0.01%, Physical Memory Usage: 39,657,472.00, Total Thread Count: 30
AvailableWorkingThreads: 32766, AvailableCompletionPortThreads: 1000
MaxWorkingThreads: 32767, MaxCompletionPortThreads: 1000
GameService ----------------------------------
Started Time: 2015/12/20 星期日 13:23:12
Is Running: True
Total Connections: 0
Maximum Allowed Connection Number: 1000
Total Handled Requests: 1
Request Handling Speed (#/second): 0
Avialable Sending Queue Items: 256
Total Sending Queue Items: 256

2015-12-20 13:26:12,524 Performance - ---------------------------------------------------
CPU Usage: 0.01%, Physical Memory Usage: 39,657,472.00, Total Thread Count: 25
AvailableWorkingThreads: 32766, AvailableCompletionPortThreads: 1000
MaxWorkingThreads: 32767, MaxCompletionPortThreads: 1000
GameService ----------------------------------
Started Time: 2015/12/20 星期日 13:23:12
Is Running: True
Total Connections: 0
Maximum Allowed Connection Number: 1000
Total Handled Requests: 1
Request Handling Speed (#/second): 0
Avialable Sending Queue Items: 256
Total Sending Queue Items: 256

2015-12-20 13:27:12,522 Performance - ---------------------------------------------------
CPU Usage: 0.01%, Physical Memory Usage: 39,735,296.00, Total Thread Count: 25
AvailableWorkingThreads: 32766, AvailableCompletionPortThreads: 1000
MaxWorkingThreads: 32767, MaxCompletionPortThreads: 1000
GameService ----------------------------------
Started Time: 2015/12/20 星期日 13:23:12
Is Running: True
Total Connections: 0
Maximum Allowed Connection Number: 1000
Total Handled Requests: 1
Request Handling Speed (#/second): 0
Avialable Sending Queue Items: 256
Total Sending Queue Items: 256

2015-12-20 13:28:12,523 Performance - ---------------------------------------------------
CPU Usage: 0.01%, Physical Memory Usage: 39,862,272.00, Total Thread Count: 25
AvailableWorkingThreads: 32766, AvailableCompletionPortThreads: 1000
MaxWorkingThreads: 32767, MaxCompletionPortThreads: 1000
GameService ----------------------------------
Started Time: 2015/12/20 星期日 13:23:12
Is Running: True
Total Connections: 0
Maximum Allowed Connection Number: 1000
Total Handled Requests: 1
Request Handling Speed (#/second): 0
Avialable Sending Queue Items: 256
Total Sending Queue Items: 256

2015-12-20 13:29:12,525 Performance - ---------------------------------------------------
CPU Usage: 0.01%, Physical Memory Usage: 39,919,616.00, Total Thread Count: 25
AvailableWorkingThreads: 32766, AvailableCompletionPortThreads: 1000
MaxWorkingThreads: 32767, MaxCompletionPortThreads: 1000
GameService ----------------------------------
Started Time: 2015/12/20 星期日 13:23:12
Is Running: True
Total Connections: 0
Maximum Allowed Connection Number: 1000
Total Handled Requests: 1
Request Handling Speed (#/second): 0
Avialable Sending Queue Items: 256
Total Sending Queue Items: 256

2015-12-20 13:30:12,525 Performance - ---------------------------------------------------
CPU Usage: 0.01%, Physical Memory Usage: 40,603,648.00, Total Thread Count: 29
AvailableWorkingThreads: 32766, AvailableCompletionPortThreads: 1000
MaxWorkingThreads: 32767, MaxCompletionPortThreads: 1000
GameService ----------------------------------
Started Time: 2015/12/20 星期日 13:23:12
Is Running: True
Total Connections: 1
Maximum Allowed Connection Number: 1000
Total Handled Requests: 2
Request Handling Speed (#/second): 0
Avialable Sending Queue Items: 255
Total Sending Queue Items: 256

2015-12-20 13:31:12,524 Performance - ---------------------------------------------------
CPU Usage: 0.01%, Physical Memory Usage: 40,603,648.00, Total Thread Count: 25
AvailableWorkingThreads: 32766, AvailableCompletionPortThreads: 1000
MaxWorkingThreads: 32767, MaxCompletionPortThreads: 1000
GameService ----------------------------------
Started Time: 2015/12/20 星期日 13:23:12
Is Running: True
Total Connections: 1
Maximum Allowed Connection Number: 1000
Total Handled Requests: 2
Request Handling Speed (#/second): 0
Avialable Sending Queue Items: 255
Total Sending Queue Items: 256

2015-12-20 15:20:36,465 Performance - ---------------------------------------------------
CPU Usage: 0.00%, Physical Memory Usage: 38,047,744.00, Total Thread Count: 24
AvailableWorkingThreads: 32766, AvailableCompletionPortThreads: 1000
MaxWorkingThreads: 32767, MaxCompletionPortThreads: 1000
GameService ----------------------------------
Started Time: 2015/12/20 星期日 15:20:36
Is Running: True
Total Connections: 0
Maximum Allowed Connection Number: 1000
Total Handled Requests: 0
Request Handling Speed (#/second): 0
Avialable Sending Queue Items: 256
Total Sending Queue Items: 256

2015-12-20 15:21:36,468 Performance - ---------------------------------------------------
CPU Usage: 0.05%, Physical Memory Usage: 39,043,072.00, Total Thread Count: 26
AvailableWorkingThreads: 32766, AvailableCompletionPortThreads: 1000
MaxWorkingThreads: 32767, MaxCompletionPortThreads: 1000
GameService ----------------------------------
Started Time: 2015/12/20 星期日 15:20:36
Is Running: True
Total Connections: 1
Maximum Allowed Connection Number: 1000
Total Handled Requests: 0
Request Handling Speed (#/second): 0
Avialable Sending Queue Items: 255
Total Sending Queue Items: 256

2015-12-20 15:22:36,460 Performance - ---------------------------------------------------
CPU Usage: 0.00%, Physical Memory Usage: 39,399,424.00, Total Thread Count: 30
AvailableWorkingThreads: 32766, AvailableCompletionPortThreads: 1000
MaxWorkingThreads: 32767, MaxCompletionPortThreads: 1000
GameService ----------------------------------
Started Time: 2015/12/20 星期日 15:20:36
Is Running: True
Total Connections: 1
Maximum Allowed Connection Number: 1000
Total Handled Requests: 0
Request Handling Speed (#/second): 0
Avialable Sending Queue Items: 255
Total Sending Queue Items: 256

2015-12-20 15:23:36,461 Performance - ---------------------------------------------------
CPU Usage: 0.00%, Physical Memory Usage: 39,591,936.00, Total Thread Count: 25
AvailableWorkingThreads: 32766, AvailableCompletionPortThreads: 1000
MaxWorkingThreads: 32767, MaxCompletionPortThreads: 1000
GameService ----------------------------------
Started Time: 2015/12/20 星期日 15:20:36
Is Running: True
Total Connections: 1
Maximum Allowed Connection Number: 1000
Total Handled Requests: 0
Request Handling Speed (#/second): 0
Avialable Sending Queue Items: 255
Total Sending Queue Items: 256

2015-12-20 15:24:36,460 Performance - ---------------------------------------------------
CPU Usage: 0.01%, Physical Memory Usage: 39,645,184.00, Total Thread Count: 25
AvailableWorkingThreads: 32766, AvailableCompletionPortThreads: 1000
MaxWorkingThreads: 32767, MaxCompletionPortThreads: 1000
GameService ----------------------------------
Started Time: 2015/12/20 星期日 15:20:36
Is Running: True
Total Connections: 1
Maximum Allowed Connection Number: 1000
Total Handled Requests: 0
Request Handling Speed (#/second): 0
Avialable Sending Queue Items: 255
Total Sending Queue Items: 256

2015-12-20 15:25:36,461 Performance - ---------------------------------------------------
CPU Usage: 0.01%, Physical Memory Usage: 40,034,304.00, Total Thread Count: 25
AvailableWorkingThreads: 32766, AvailableCompletionPortThreads: 1000
MaxWorkingThreads: 32767, MaxCompletionPortThreads: 1000
GameService ----------------------------------
Started Time: 2015/12/20 星期日 15:20:36
Is Running: True
Total Connections: 1
Maximum Allowed Connection Number: 1000
Total Handled Requests: 0
Request Handling Speed (#/second): 0
Avialable Sending Queue Items: 255
Total Sending Queue Items: 256

2015-12-20 15:26:36,462 Performance - ---------------------------------------------------
CPU Usage: 0.01%, Physical Memory Usage: 40,235,008.00, Total Thread Count: 25
AvailableWorkingThreads: 32766, AvailableCompletionPortThreads: 1000
MaxWorkingThreads: 32767, MaxCompletionPortThreads: 1000
GameService ----------------------------------
Started Time: 2015/12/20 星期日 15:20:36
Is Running: True
Total Connections: 1
Maximum Allowed Connection Number: 1000
Total Handled Requests: 0
Request Handling Speed (#/second): 0
Avialable Sending Queue Items: 255
Total Sending Queue Items: 256

2015-12-20 15:27:36,463 Performance - ---------------------------------------------------
CPU Usage: 0.01%, Physical Memory Usage: 40,591,360.00, Total Thread Count: 27
AvailableWorkingThreads: 32766, AvailableCompletionPortThreads: 1000
MaxWorkingThreads: 32767, MaxCompletionPortThreads: 1000
GameService ----------------------------------
Started Time: 2015/12/20 星期日 15:20:36
Is Running: True
Total Connections: 1
Maximum Allowed Connection Number: 1000
Total Handled Requests: 0
Request Handling Speed (#/second): 0
Avialable Sending Queue Items: 255
Total Sending Queue Items: 256

2015-12-20 15:28:36,464 Performance - ---------------------------------------------------
CPU Usage: 0.01%, Physical Memory Usage: 41,009,152.00, Total Thread Count: 25
AvailableWorkingThreads: 32766, AvailableCompletionPortThreads: 1000
MaxWorkingThreads: 32767, MaxCompletionPortThreads: 1000
GameService ----------------------------------
Started Time: 2015/12/20 星期日 15:20:36
Is Running: True
Total Connections: 1
Maximum Allowed Connection Number: 1000
Total Handled Requests: 0
Request Handling Speed (#/second): 0
Avialable Sending Queue Items: 255
Total Sending Queue Items: 256

2015-12-20 15:29:36,465 Performance - ---------------------------------------------------
CPU Usage: 0.02%, Physical Memory Usage: 41,820,160.00, Total Thread Count: 25
AvailableWorkingThreads: 32766, AvailableCompletionPortThreads: 1000
MaxWorkingThreads: 32767, MaxCompletionPortThreads: 1000
GameService ----------------------------------
Started Time: 2015/12/20 星期日 15:20:36
Is Running: True
Total Connections: 1
Maximum Allowed Connection Number: 1000
Total Handled Requests: 1
Request Handling Speed (#/second): 0
Avialable Sending Queue Items: 255
Total Sending Queue Items: 256

2015-12-20 15:30:36,469 Performance - ---------------------------------------------------
CPU Usage: 0.01%, Physical Memory Usage: 42,053,632.00, Total Thread Count: 27
AvailableWorkingThreads: 32766, AvailableCompletionPortThreads: 1000
MaxWorkingThreads: 32767, MaxCompletionPortThreads: 1000
GameService ----------------------------------
Started Time: 2015/12/20 星期日 15:20:36
Is Running: True
Total Connections: 1
Maximum Allowed Connection Number: 1000
Total Handled Requests: 1
Request Handling Speed (#/second): 0
Avialable Sending Queue Items: 255
Total Sending Queue Items: 256

2015-12-20 15:31:36,468 Performance - ---------------------------------------------------
CPU Usage: 0.09%, Physical Memory Usage: 43,581,440.00, Total Thread Count: 25
AvailableWorkingThreads: 32766, AvailableCompletionPortThreads: 1000
MaxWorkingThreads: 32767, MaxCompletionPortThreads: 1000
GameService ----------------------------------
Started Time: 2015/12/20 星期日 15:20:36
Is Running: True
Total Connections: 1
Maximum Allowed Connection Number: 1000
Total Handled Requests: 2
Request Handling Speed (#/second): 0
Avialable Sending Queue Items: 255
Total Sending Queue Items: 256

2015-12-20 15:32:36,468 Performance - ---------------------------------------------------
CPU Usage: 0.01%, Physical Memory Usage: 43,986,944.00, Total Thread Count: 25
AvailableWorkingThreads: 32766, AvailableCompletionPortThreads: 1000
MaxWorkingThreads: 32767, MaxCompletionPortThreads: 1000
GameService ----------------------------------
Started Time: 2015/12/20 星期日 15:20:36
Is Running: True
Total Connections: 1
Maximum Allowed Connection Number: 1000
Total Handled Requests: 2
Request Handling Speed (#/second): 0
Avialable Sending Queue Items: 255
Total Sending Queue Items: 256

2015-12-20 15:33:36,470 Performance - ---------------------------------------------------
CPU Usage: 0.01%, Physical Memory Usage: 44,281,856.00, Total Thread Count: 27
AvailableWorkingThreads: 32765, AvailableCompletionPortThreads: 1000
MaxWorkingThreads: 32767, MaxCompletionPortThreads: 1000
GameService ----------------------------------
Started Time: 2015/12/20 星期日 15:20:36
Is Running: True
Total Connections: 1
Maximum Allowed Connection Number: 1000
Total Handled Requests: 2
Request Handling Speed (#/second): 0
Avialable Sending Queue Items: 255
Total Sending Queue Items: 256

2015-12-20 15:34:36,468 Performance - ---------------------------------------------------
CPU Usage: 0.01%, Physical Memory Usage: 44,638,208.00, Total Thread Count: 26
AvailableWorkingThreads: 32765, AvailableCompletionPortThreads: 1000
MaxWorkingThreads: 32767, MaxCompletionPortThreads: 1000
GameService ----------------------------------
Started Time: 2015/12/20 星期日 15:20:36
Is Running: True
Total Connections: 1
Maximum Allowed Connection Number: 1000
Total Handled Requests: 2
Request Handling Speed (#/second): 0
Avialable Sending Queue Items: 255
Total Sending Queue Items: 256

2015-12-20 15:35:36,468 Performance - ---------------------------------------------------
CPU Usage: 0.01%, Physical Memory Usage: 39,518,208.00, Total Thread Count: 26
AvailableWorkingThreads: 32765, AvailableCompletionPortThreads: 1000
MaxWorkingThreads: 32767, MaxCompletionPortThreads: 1000
GameService ----------------------------------
Started Time: 2015/12/20 星期日 15:20:36
Is Running: True
Total Connections: 1
Maximum Allowed Connection Number: 1000
Total Handled Requests: 2
Request Handling Speed (#/second): 0
Avialable Sending Queue Items: 255
Total Sending Queue Items: 256

2015-12-20 15:36:36,469 Performance - ---------------------------------------------------
CPU Usage: 0.01%, Physical Memory Usage: 39,997,440.00, Total Thread Count: 27
AvailableWorkingThreads: 32765, AvailableCompletionPortThreads: 1000
MaxWorkingThreads: 32767, MaxCompletionPortThreads: 1000
GameService ----------------------------------
Started Time: 2015/12/20 星期日 15:20:36
Is Running: True
Total Connections: 1
Maximum Allowed Connection Number: 1000
Total Handled Requests: 2
Request Handling Speed (#/second): 0
Avialable Sending Queue Items: 255
Total Sending Queue Items: 256

2015-12-20 15:37:36,479 Performance - ---------------------------------------------------
CPU Usage: 0.00%, Physical Memory Usage: 40,419,328.00, Total Thread Count: 26
AvailableWorkingThreads: 32765, AvailableCompletionPortThreads: 1000
MaxWorkingThreads: 32767, MaxCompletionPortThreads: 1000
GameService ----------------------------------
Started Time: 2015/12/20 星期日 15:20:36
Is Running: True
Total Connections: 1
Maximum Allowed Connection Number: 1000
Total Handled Requests: 2
Request Handling Speed (#/second): 0
Avialable Sending Queue Items: 255
Total Sending Queue Items: 256

2015-12-20 15:38:36,481 Performance - ---------------------------------------------------
CPU Usage: 0.01%, Physical Memory Usage: 40,902,656.00, Total Thread Count: 27
AvailableWorkingThreads: 32766, AvailableCompletionPortThreads: 1000
MaxWorkingThreads: 32767, MaxCompletionPortThreads: 1000
GameService ----------------------------------
Started Time: 2015/12/20 星期日 15:20:36
Is Running: True
Total Connections: 1
Maximum Allowed Connection Number: 1000
Total Handled Requests: 3
Request Handling Speed (#/second): 0
Avialable Sending Queue Items: 255
Total Sending Queue Items: 256

2015-12-20 15:39:36,481 Performance - ---------------------------------------------------
CPU Usage: 0.01%, Physical Memory Usage: 41,283,584.00, Total Thread Count: 25
AvailableWorkingThreads: 32766, AvailableCompletionPortThreads: 1000
MaxWorkingThreads: 32767, MaxCompletionPortThreads: 1000
GameService ----------------------------------
Started Time: 2015/12/20 星期日 15:20:36
Is Running: True
Total Connections: 0
Maximum Allowed Connection Number: 1000
Total Handled Requests: 3
Request Handling Speed (#/second): 0
Avialable Sending Queue Items: 256
Total Sending Queue Items: 256

2015-12-20 15:40:36,480 Performance - ---------------------------------------------------
CPU Usage: 0.01%, Physical Memory Usage: 36,995,072.00, Total Thread Count: 25
AvailableWorkingThreads: 32766, AvailableCompletionPortThreads: 1000
MaxWorkingThreads: 32767, MaxCompletionPortThreads: 1000
GameService ----------------------------------
Started Time: 2015/12/20 星期日 15:20:36
Is Running: True
Total Connections: 0
Maximum Allowed Connection Number: 1000
Total Handled Requests: 3
Request Handling Speed (#/second): 0
Avialable Sending Queue Items: 256
Total Sending Queue Items: 256

2015-12-20 15:41:36,483 Performance - ---------------------------------------------------
CPU Usage: 0.01%, Physical Memory Usage: 37,421,056.00, Total Thread Count: 25
AvailableWorkingThreads: 32766, AvailableCompletionPortThreads: 1000
MaxWorkingThreads: 32767, MaxCompletionPortThreads: 1000
GameService ----------------------------------
Started Time: 2015/12/20 星期日 15:20:36
Is Running: True
Total Connections: 0
Maximum Allowed Connection Number: 1000
Total Handled Requests: 3
Request Handling Speed (#/second): 0
Avialable Sending Queue Items: 256
Total Sending Queue Items: 256

2015-12-20 15:42:36,485 Performance - ---------------------------------------------------
CPU Usage: 0.01%, Physical Memory Usage: 37,859,328.00, Total Thread Count: 25
AvailableWorkingThreads: 32766, AvailableCompletionPortThreads: 1000
MaxWorkingThreads: 32767, MaxCompletionPortThreads: 1000
GameService ----------------------------------
Started Time: 2015/12/20 星期日 15:20:36
Is Running: True
Total Connections: 0
Maximum Allowed Connection Number: 1000
Total Handled Requests: 3
Request Handling Speed (#/second): 0
Avialable Sending Queue Items: 256
Total Sending Queue Items: 256

2015-12-20 15:43:36,497 Performance - ---------------------------------------------------
CPU Usage: 0.01%, Physical Memory Usage: 38,334,464.00, Total Thread Count: 26
AvailableWorkingThreads: 32766, AvailableCompletionPortThreads: 1000
MaxWorkingThreads: 32767, MaxCompletionPortThreads: 1000
GameService ----------------------------------
Started Time: 2015/12/20 星期日 15:20:36
Is Running: True
Total Connections: 0
Maximum Allowed Connection Number: 1000
Total Handled Requests: 3
Request Handling Speed (#/second): 0
Avialable Sending Queue Items: 256
Total Sending Queue Items: 256

2015-12-20 15:44:36,483 Performance - ---------------------------------------------------
CPU Usage: 0.01%, Physical Memory Usage: 38,764,544.00, Total Thread Count: 25
AvailableWorkingThreads: 32766, AvailableCompletionPortThreads: 1000
MaxWorkingThreads: 32767, MaxCompletionPortThreads: 1000
GameService ----------------------------------
Started Time: 2015/12/20 星期日 15:20:36
Is Running: True
Total Connections: 0
Maximum Allowed Connection Number: 1000
Total Handled Requests: 3
Request Handling Speed (#/second): 0
Avialable Sending Queue Items: 256
Total Sending Queue Items: 256

2015-12-20 15:45:36,484 Performance - ---------------------------------------------------
CPU Usage: 0.01%, Physical Memory Usage: 35,860,480.00, Total Thread Count: 25
AvailableWorkingThreads: 32766, AvailableCompletionPortThreads: 1000
MaxWorkingThreads: 32767, MaxCompletionPortThreads: 1000
GameService ----------------------------------
Started Time: 2015/12/20 星期日 15:20:36
Is Running: True
Total Connections: 0
Maximum Allowed Connection Number: 1000
Total Handled Requests: 3
Request Handling Speed (#/second): 0
Avialable Sending Queue Items: 256
Total Sending Queue Items: 256

2015-12-20 15:46:36,495 Performance - ---------------------------------------------------
CPU Usage: 0.00%, Physical Memory Usage: 36,302,848.00, Total Thread Count: 25
AvailableWorkingThreads: 32766, AvailableCompletionPortThreads: 1000
MaxWorkingThreads: 32767, MaxCompletionPortThreads: 1000
GameService ----------------------------------
Started Time: 2015/12/20 星期日 15:20:36
Is Running: True
Total Connections: 0
Maximum Allowed Connection Number: 1000
Total Handled Requests: 3
Request Handling Speed (#/second): 0
Avialable Sending Queue Items: 256
Total Sending Queue Items: 256

2015-12-20 15:47:36,501 Performance - ---------------------------------------------------
CPU Usage: 0.02%, Physical Memory Usage: 37,507,072.00, Total Thread Count: 26
AvailableWorkingThreads: 32766, AvailableCompletionPortThreads: 1000
MaxWorkingThreads: 32767, MaxCompletionPortThreads: 1000
GameService ----------------------------------
Started Time: 2015/12/20 星期日 15:20:36
Is Running: True
Total Connections: 1
Maximum Allowed Connection Number: 1000
Total Handled Requests: 5
Request Handling Speed (#/second): 0
Avialable Sending Queue Items: 255
Total Sending Queue Items: 256

2015-12-20 15:48:36,493 Performance - ---------------------------------------------------
CPU Usage: 0.00%, Physical Memory Usage: 38,010,880.00, Total Thread Count: 25
AvailableWorkingThreads: 32766, AvailableCompletionPortThreads: 1000
MaxWorkingThreads: 32767, MaxCompletionPortThreads: 1000
GameService ----------------------------------
Started Time: 2015/12/20 星期日 15:20:36
Is Running: True
Total Connections: 1
Maximum Allowed Connection Number: 1000
Total Handled Requests: 5
Request Handling Speed (#/second): 0
Avialable Sending Queue Items: 255
Total Sending Queue Items: 256

2015-12-20 15:49:36,510 Performance - ---------------------------------------------------
CPU Usage: 0.01%, Physical Memory Usage: 38,522,880.00, Total Thread Count: 27
AvailableWorkingThreads: 32766, AvailableCompletionPortThreads: 1000
MaxWorkingThreads: 32767, MaxCompletionPortThreads: 1000
GameService ----------------------------------
Started Time: 2015/12/20 星期日 15:20:36
Is Running: True
Total Connections: 1
Maximum Allowed Connection Number: 1000
Total Handled Requests: 7
Request Handling Speed (#/second): 0
Avialable Sending Queue Items: 255
Total Sending Queue Items: 256

2015-12-20 15:50:36,563 Performance - ---------------------------------------------------
CPU Usage: 0.07%, Physical Memory Usage: 38,494,208.00, Total Thread Count: 25
AvailableWorkingThreads: 32764, AvailableCompletionPortThreads: 1000
MaxWorkingThreads: 32767, MaxCompletionPortThreads: 1000
GameService ----------------------------------
Started Time: 2015/12/20 星期日 15:20:36
Is Running: True
Total Connections: 1
Maximum Allowed Connection Number: 1000
Total Handled Requests: 7
Request Handling Speed (#/second): 0
Avialable Sending Queue Items: 255
Total Sending Queue Items: 256

2015-12-20 15:51:36,525 Performance - ---------------------------------------------------
CPU Usage: 0.01%, Physical Memory Usage: 39,120,896.00, Total Thread Count: 27
AvailableWorkingThreads: 32765, AvailableCompletionPortThreads: 1000
MaxWorkingThreads: 32767, MaxCompletionPortThreads: 1000
GameService ----------------------------------
Started Time: 2015/12/20 星期日 15:20:36
Is Running: True
Total Connections: 0
Maximum Allowed Connection Number: 1000
Total Handled Requests: 7
Request Handling Speed (#/second): 0
Avialable Sending Queue Items: 256
Total Sending Queue Items: 256

2015-12-20 15:52:36,511 Performance - ---------------------------------------------------
CPU Usage: 0.01%, Physical Memory Usage: 39,559,168.00, Total Thread Count: 27
AvailableWorkingThreads: 32765, AvailableCompletionPortThreads: 1000
MaxWorkingThreads: 32767, MaxCompletionPortThreads: 1000
GameService ----------------------------------
Started Time: 2015/12/20 星期日 15:20:36
Is Running: True
Total Connections: 0
Maximum Allowed Connection Number: 1000
Total Handled Requests: 7
Request Handling Speed (#/second): 0
Avialable Sending Queue Items: 256
Total Sending Queue Items: 256

2015-12-20 15:53:36,509 Performance - ---------------------------------------------------
CPU Usage: 0.01%, Physical Memory Usage: 39,985,152.00, Total Thread Count: 26
AvailableWorkingThreads: 32765, AvailableCompletionPortThreads: 1000
MaxWorkingThreads: 32767, MaxCompletionPortThreads: 1000
GameService ----------------------------------
Started Time: 2015/12/20 星期日 15:20:36
Is Running: True
Total Connections: 0
Maximum Allowed Connection Number: 1000
Total Handled Requests: 7
Request Handling Speed (#/second): 0
Avialable Sending Queue Items: 256
Total Sending Queue Items: 256

2015-12-20 15:54:36,541 Performance - ---------------------------------------------------
CPU Usage: 0.01%, Physical Memory Usage: 44,871,680.00, Total Thread Count: 26
AvailableWorkingThreads: 32765, AvailableCompletionPortThreads: 1000
MaxWorkingThreads: 32767, MaxCompletionPortThreads: 1000
GameService ----------------------------------
Started Time: 2015/12/20 星期日 15:20:36
Is Running: True
Total Connections: 0
Maximum Allowed Connection Number: 1000
Total Handled Requests: 7
Request Handling Speed (#/second): 0
Avialable Sending Queue Items: 256
Total Sending Queue Items: 256

2015-12-20 15:55:36,512 Performance - ---------------------------------------------------
CPU Usage: 0.01%, Physical Memory Usage: 41,885,696.00, Total Thread Count: 26
AvailableWorkingThreads: 32765, AvailableCompletionPortThreads: 1000
MaxWorkingThreads: 32767, MaxCompletionPortThreads: 1000
GameService ----------------------------------
Started Time: 2015/12/20 星期日 15:20:36
Is Running: True
Total Connections: 0
Maximum Allowed Connection Number: 1000
Total Handled Requests: 7
Request Handling Speed (#/second): 0
Avialable Sending Queue Items: 256
Total Sending Queue Items: 256

2015-12-20 15:56:36,515 Performance - ---------------------------------------------------
CPU Usage: 0.01%, Physical Memory Usage: 40,153,088.00, Total Thread Count: 26
AvailableWorkingThreads: 32765, AvailableCompletionPortThreads: 1000
MaxWorkingThreads: 32767, MaxCompletionPortThreads: 1000
GameService ----------------------------------
Started Time: 2015/12/20 星期日 15:20:36
Is Running: True
Total Connections: 0
Maximum Allowed Connection Number: 1000
Total Handled Requests: 7
Request Handling Speed (#/second): 0
Avialable Sending Queue Items: 256
Total Sending Queue Items: 256

2015-12-20 15:57:36,516 Performance - ---------------------------------------------------
CPU Usage: 0.01%, Physical Memory Usage: 40,480,768.00, Total Thread Count: 26
AvailableWorkingThreads: 32765, AvailableCompletionPortThreads: 1000
MaxWorkingThreads: 32767, MaxCompletionPortThreads: 1000
GameService ----------------------------------
Started Time: 2015/12/20 星期日 15:20:36
Is Running: True
Total Connections: 0
Maximum Allowed Connection Number: 1000
Total Handled Requests: 7
Request Handling Speed (#/second): 0
Avialable Sending Queue Items: 256
Total Sending Queue Items: 256

2015-12-20 15:58:36,524 Performance - ---------------------------------------------------
CPU Usage: 0.01%, Physical Memory Usage: 40,583,168.00, Total Thread Count: 26
AvailableWorkingThreads: 32765, AvailableCompletionPortThreads: 1000
MaxWorkingThreads: 32767, MaxCompletionPortThreads: 1000
GameService ----------------------------------
Started Time: 2015/12/20 星期日 15:20:36
Is Running: True
Total Connections: 0
Maximum Allowed Connection Number: 1000
Total Handled Requests: 7
Request Handling Speed (#/second): 0
Avialable Sending Queue Items: 256
Total Sending Queue Items: 256

2015-12-20 15:59:36,526 Performance - ---------------------------------------------------
CPU Usage: 0.01%, Physical Memory Usage: 40,898,560.00, Total Thread Count: 26
AvailableWorkingThreads: 32765, AvailableCompletionPortThreads: 1000
MaxWorkingThreads: 32767, MaxCompletionPortThreads: 1000
GameService ----------------------------------
Started Time: 2015/12/20 星期日 15:20:36
Is Running: True
Total Connections: 0
Maximum Allowed Connection Number: 1000
Total Handled Requests: 7
Request Handling Speed (#/second): 0
Avialable Sending Queue Items: 256
Total Sending Queue Items: 256

2015-12-20 16:00:36,526 Performance - ---------------------------------------------------
CPU Usage: 0.01%, Physical Memory Usage: 37,896,192.00, Total Thread Count: 26
AvailableWorkingThreads: 32765, AvailableCompletionPortThreads: 1000
MaxWorkingThreads: 32767, MaxCompletionPortThreads: 1000
GameService ----------------------------------
Started Time: 2015/12/20 星期日 15:20:36
Is Running: True
Total Connections: 0
Maximum Allowed Connection Number: 1000
Total Handled Requests: 7
Request Handling Speed (#/second): 0
Avialable Sending Queue Items: 256
Total Sending Queue Items: 256

2015-12-20 16:01:36,525 Performance - ---------------------------------------------------
CPU Usage: 0.01%, Physical Memory Usage: 38,273,024.00, Total Thread Count: 26
AvailableWorkingThreads: 32765, AvailableCompletionPortThreads: 1000
MaxWorkingThreads: 32767, MaxCompletionPortThreads: 1000
GameService ----------------------------------
Started Time: 2015/12/20 星期日 15:20:36
Is Running: True
Total Connections: 0
Maximum Allowed Connection Number: 1000
Total Handled Requests: 7
Request Handling Speed (#/second): 0
Avialable Sending Queue Items: 256
Total Sending Queue Items: 256

2015-12-20 16:02:36,536 Performance - ---------------------------------------------------
CPU Usage: 0.01%, Physical Memory Usage: 38,649,856.00, Total Thread Count: 26
AvailableWorkingThreads: 32765, AvailableCompletionPortThreads: 1000
MaxWorkingThreads: 32767, MaxCompletionPortThreads: 1000
GameService ----------------------------------
Started Time: 2015/12/20 星期日 15:20:36
Is Running: True
Total Connections: 0
Maximum Allowed Connection Number: 1000
Total Handled Requests: 7
Request Handling Speed (#/second): 0
Avialable Sending Queue Items: 256
Total Sending Queue Items: 256

2015-12-20 16:03:36,536 Performance - ---------------------------------------------------
CPU Usage: 0.01%, Physical Memory Usage: 39,026,688.00, Total Thread Count: 26
AvailableWorkingThreads: 32765, AvailableCompletionPortThreads: 1000
MaxWorkingThreads: 32767, MaxCompletionPortThreads: 1000
GameService ----------------------------------
Started Time: 2015/12/20 星期日 15:20:36
Is Running: True
Total Connections: 0
Maximum Allowed Connection Number: 1000
Total Handled Requests: 7
Request Handling Speed (#/second): 0
Avialable Sending Queue Items: 256
Total Sending Queue Items: 256

2015-12-20 16:04:36,526 Performance - ---------------------------------------------------
CPU Usage: 0.00%, Physical Memory Usage: 39,165,952.00, Total Thread Count: 26
AvailableWorkingThreads: 32765, AvailableCompletionPortThreads: 1000
MaxWorkingThreads: 32767, MaxCompletionPortThreads: 1000
GameService ----------------------------------
Started Time: 2015/12/20 星期日 15:20:36
Is Running: True
Total Connections: 0
Maximum Allowed Connection Number: 1000
Total Handled Requests: 7
Request Handling Speed (#/second): 0
Avialable Sending Queue Items: 256
Total Sending Queue Items: 256

2015-12-20 16:05:36,533 Performance - ---------------------------------------------------
CPU Usage: 0.01%, Physical Memory Usage: 39,542,784.00, Total Thread Count: 26
AvailableWorkingThreads: 32765, AvailableCompletionPortThreads: 1000
MaxWorkingThreads: 32767, MaxCompletionPortThreads: 1000
GameService ----------------------------------
Started Time: 2015/12/20 星期日 15:20:36
Is Running: True
Total Connections: 0
Maximum Allowed Connection Number: 1000
Total Handled Requests: 7
Request Handling Speed (#/second): 0
Avialable Sending Queue Items: 256
Total Sending Queue Items: 256

2015-12-20 16:06:36,530 Performance - ---------------------------------------------------
CPU Usage: 0.01%, Physical Memory Usage: 40,296,448.00, Total Thread Count: 27
AvailableWorkingThreads: 32765, AvailableCompletionPortThreads: 1000
MaxWorkingThreads: 32767, MaxCompletionPortThreads: 1000
GameService ----------------------------------
Started Time: 2015/12/20 星期日 15:20:36
Is Running: True
Total Connections: 0
Maximum Allowed Connection Number: 1000
Total Handled Requests: 7
Request Handling Speed (#/second): 0
Avialable Sending Queue Items: 256
Total Sending Queue Items: 256

2015-12-20 16:07:36,525 Performance - ---------------------------------------------------
CPU Usage: 0.00%, Physical Memory Usage: 40,648,704.00, Total Thread Count: 26
AvailableWorkingThreads: 32765, AvailableCompletionPortThreads: 1000
MaxWorkingThreads: 32767, MaxCompletionPortThreads: 1000
GameService ----------------------------------
Started Time: 2015/12/20 星期日 15:20:36
Is Running: True
Total Connections: 0
Maximum Allowed Connection Number: 1000
Total Handled Requests: 7
Request Handling Speed (#/second): 0
Avialable Sending Queue Items: 256
Total Sending Queue Items: 256

2015-12-20 16:08:36,525 Performance - ---------------------------------------------------
CPU Usage: 0.01%, Physical Memory Usage: 41,099,264.00, Total Thread Count: 26
AvailableWorkingThreads: 32765, AvailableCompletionPortThreads: 1000
MaxWorkingThreads: 32767, MaxCompletionPortThreads: 1000
GameService ----------------------------------
Started Time: 2015/12/20 星期日 15:20:36
Is Running: True
Total Connections: 0
Maximum Allowed Connection Number: 1000
Total Handled Requests: 7
Request Handling Speed (#/second): 0
Avialable Sending Queue Items: 256
Total Sending Queue Items: 256

2015-12-20 16:09:36,524 Performance - ---------------------------------------------------
CPU Usage: 0.01%, Physical Memory Usage: 41,459,712.00, Total Thread Count: 26
AvailableWorkingThreads: 32765, AvailableCompletionPortThreads: 1000
MaxWorkingThreads: 32767, MaxCompletionPortThreads: 1000
GameService ----------------------------------
Started Time: 2015/12/20 星期日 15:20:36
Is Running: True
Total Connections: 0
Maximum Allowed Connection Number: 1000
Total Handled Requests: 7
Request Handling Speed (#/second): 0
Avialable Sending Queue Items: 256
Total Sending Queue Items: 256

2015-12-20 16:10:36,525 Performance - ---------------------------------------------------
CPU Usage: 0.01%, Physical Memory Usage: 41,910,272.00, Total Thread Count: 26
AvailableWorkingThreads: 32765, AvailableCompletionPortThreads: 1000
MaxWorkingThreads: 32767, MaxCompletionPortThreads: 1000
GameService ----------------------------------
Started Time: 2015/12/20 星期日 15:20:36
Is Running: True
Total Connections: 0
Maximum Allowed Connection Number: 1000
Total Handled Requests: 7
Request Handling Speed (#/second): 0
Avialable Sending Queue Items: 256
Total Sending Queue Items: 256

2015-12-20 16:11:36,526 Performance - ---------------------------------------------------
CPU Usage: 0.01%, Physical Memory Usage: 40,222,720.00, Total Thread Count: 26
AvailableWorkingThreads: 32765, AvailableCompletionPortThreads: 1000
MaxWorkingThreads: 32767, MaxCompletionPortThreads: 1000
GameService ----------------------------------
Started Time: 2015/12/20 星期日 15:20:36
Is Running: True
Total Connections: 0
Maximum Allowed Connection Number: 1000
Total Handled Requests: 7
Request Handling Speed (#/second): 0
Avialable Sending Queue Items: 256
Total Sending Queue Items: 256

2015-12-20 16:12:36,526 Performance - ---------------------------------------------------
CPU Usage: 0.01%, Physical Memory Usage: 40,652,800.00, Total Thread Count: 26
AvailableWorkingThreads: 32765, AvailableCompletionPortThreads: 1000
MaxWorkingThreads: 32767, MaxCompletionPortThreads: 1000
GameService ----------------------------------
Started Time: 2015/12/20 星期日 15:20:36
Is Running: True
Total Connections: 0
Maximum Allowed Connection Number: 1000
Total Handled Requests: 7
Request Handling Speed (#/second): 0
Avialable Sending Queue Items: 256
Total Sending Queue Items: 256

2015-12-20 16:13:36,538 Performance - ---------------------------------------------------
CPU Usage: 0.01%, Physical Memory Usage: 41,082,880.00, Total Thread Count: 26
AvailableWorkingThreads: 32765, AvailableCompletionPortThreads: 1000
MaxWorkingThreads: 32767, MaxCompletionPortThreads: 1000
GameService ----------------------------------
Started Time: 2015/12/20 星期日 15:20:36
Is Running: True
Total Connections: 0
Maximum Allowed Connection Number: 1000
Total Handled Requests: 7
Request Handling Speed (#/second): 0
Avialable Sending Queue Items: 256
Total Sending Queue Items: 256

2015-12-20 16:14:36,540 Performance - ---------------------------------------------------
CPU Usage: 0.01%, Physical Memory Usage: 41,533,440.00, Total Thread Count: 26
AvailableWorkingThreads: 32765, AvailableCompletionPortThreads: 1000
MaxWorkingThreads: 32767, MaxCompletionPortThreads: 1000
GameService ----------------------------------
Started Time: 2015/12/20 星期日 15:20:36
Is Running: True
Total Connections: 0
Maximum Allowed Connection Number: 1000
Total Handled Requests: 7
Request Handling Speed (#/second): 0
Avialable Sending Queue Items: 256
Total Sending Queue Items: 256

2015-12-20 16:15:36,542 Performance - ---------------------------------------------------
CPU Usage: 0.01%, Physical Memory Usage: 41,947,136.00, Total Thread Count: 26
AvailableWorkingThreads: 32765, AvailableCompletionPortThreads: 1000
MaxWorkingThreads: 32767, MaxCompletionPortThreads: 1000
GameService ----------------------------------
Started Time: 2015/12/20 星期日 15:20:36
Is Running: True
Total Connections: 0
Maximum Allowed Connection Number: 1000
Total Handled Requests: 7
Request Handling Speed (#/second): 0
Avialable Sending Queue Items: 256
Total Sending Queue Items: 256

2015-12-20 16:16:36,540 Performance - ---------------------------------------------------
CPU Usage: 0.01%, Physical Memory Usage: 42,356,736.00, Total Thread Count: 26
AvailableWorkingThreads: 32765, AvailableCompletionPortThreads: 1000
MaxWorkingThreads: 32767, MaxCompletionPortThreads: 1000
GameService ----------------------------------
Started Time: 2015/12/20 星期日 15:20:36
Is Running: True
Total Connections: 0
Maximum Allowed Connection Number: 1000
Total Handled Requests: 7
Request Handling Speed (#/second): 0
Avialable Sending Queue Items: 256
Total Sending Queue Items: 256

2015-12-20 16:17:36,541 Performance - ---------------------------------------------------
CPU Usage: 0.01%, Physical Memory Usage: 42,786,816.00, Total Thread Count: 26
AvailableWorkingThreads: 32765, AvailableCompletionPortThreads: 1000
MaxWorkingThreads: 32767, MaxCompletionPortThreads: 1000
GameService ----------------------------------
Started Time: 2015/12/20 星期日 15:20:36
Is Running: True
Total Connections: 0
Maximum Allowed Connection Number: 1000
Total Handled Requests: 7
Request Handling Speed (#/second): 0
Avialable Sending Queue Items: 256
Total Sending Queue Items: 256

2015-12-20 16:18:36,541 Performance - ---------------------------------------------------
CPU Usage: 0.01%, Physical Memory Usage: 43,175,936.00, Total Thread Count: 26
AvailableWorkingThreads: 32765, AvailableCompletionPortThreads: 1000
MaxWorkingThreads: 32767, MaxCompletionPortThreads: 1000
GameService ----------------------------------
Started Time: 2015/12/20 星期日 15:20:36
Is Running: True
Total Connections: 0
Maximum Allowed Connection Number: 1000
Total Handled Requests: 7
Request Handling Speed (#/second): 0
Avialable Sending Queue Items: 256
Total Sending Queue Items: 256

2015-12-20 16:19:36,559 Performance - ---------------------------------------------------
CPU Usage: 0.02%, Physical Memory Usage: 42,831,872.00, Total Thread Count: 26
AvailableWorkingThreads: 32765, AvailableCompletionPortThreads: 1000
MaxWorkingThreads: 32767, MaxCompletionPortThreads: 1000
GameService ----------------------------------
Started Time: 2015/12/20 星期日 15:20:36
Is Running: True
Total Connections: 0
Maximum Allowed Connection Number: 1000
Total Handled Requests: 7
Request Handling Speed (#/second): 0
Avialable Sending Queue Items: 256
Total Sending Queue Items: 256

2015-12-20 16:20:36,604 Performance - ---------------------------------------------------
CPU Usage: 0.03%, Physical Memory Usage: 43,573,248.00, Total Thread Count: 26
AvailableWorkingThreads: 32763, AvailableCompletionPortThreads: 1000
MaxWorkingThreads: 32767, MaxCompletionPortThreads: 1000
GameService ----------------------------------
Started Time: 2015/12/20 星期日 15:20:36
Is Running: True
Total Connections: 0
Maximum Allowed Connection Number: 1000
Total Handled Requests: 7
Request Handling Speed (#/second): 0
Avialable Sending Queue Items: 256
Total Sending Queue Items: 256

2015-12-20 16:21:36,557 Performance - ---------------------------------------------------
CPU Usage: 0.01%, Physical Memory Usage: 43,884,544.00, Total Thread Count: 27
AvailableWorkingThreads: 32764, AvailableCompletionPortThreads: 1000
MaxWorkingThreads: 32767, MaxCompletionPortThreads: 1000
GameService ----------------------------------
Started Time: 2015/12/20 星期日 15:20:36
Is Running: True
Total Connections: 0
Maximum Allowed Connection Number: 1000
Total Handled Requests: 7
Request Handling Speed (#/second): 0
Avialable Sending Queue Items: 256
Total Sending Queue Items: 256

2015-12-20 16:22:36,556 Performance - ---------------------------------------------------
CPU Usage: 0.01%, Physical Memory Usage: 44,150,784.00, Total Thread Count: 28
AvailableWorkingThreads: 32764, AvailableCompletionPortThreads: 1000
MaxWorkingThreads: 32767, MaxCompletionPortThreads: 1000
GameService ----------------------------------
Started Time: 2015/12/20 星期日 15:20:36
Is Running: True
Total Connections: 0
Maximum Allowed Connection Number: 1000
Total Handled Requests: 7
Request Handling Speed (#/second): 0
Avialable Sending Queue Items: 256
Total Sending Queue Items: 256

2015-12-20 16:23:36,566 Performance - ---------------------------------------------------
CPU Usage: 0.01%, Physical Memory Usage: 44,519,424.00, Total Thread Count: 27
AvailableWorkingThreads: 32764, AvailableCompletionPortThreads: 1000
MaxWorkingThreads: 32767, MaxCompletionPortThreads: 1000
GameService ----------------------------------
Started Time: 2015/12/20 星期日 15:20:36
Is Running: True
Total Connections: 0
Maximum Allowed Connection Number: 1000
Total Handled Requests: 7
Request Handling Speed (#/second): 0
Avialable Sending Queue Items: 256
Total Sending Queue Items: 256

2015-12-20 16:24:36,555 Performance - ---------------------------------------------------
CPU Usage: 0.00%, Physical Memory Usage: 45,019,136.00, Total Thread Count: 27
AvailableWorkingThreads: 32764, AvailableCompletionPortThreads: 1000
MaxWorkingThreads: 32767, MaxCompletionPortThreads: 1000
GameService ----------------------------------
Started Time: 2015/12/20 星期日 15:20:36
Is Running: True
Total Connections: 0
Maximum Allowed Connection Number: 1000
Total Handled Requests: 7
Request Handling Speed (#/second): 0
Avialable Sending Queue Items: 256
Total Sending Queue Items: 256

2015-12-20 16:25:36,557 Performance - ---------------------------------------------------
CPU Usage: 0.01%, Physical Memory Usage: 45,391,872.00, Total Thread Count: 26
AvailableWorkingThreads: 32764, AvailableCompletionPortThreads: 1000
MaxWorkingThreads: 32767, MaxCompletionPortThreads: 1000
GameService ----------------------------------
Started Time: 2015/12/20 星期日 15:20:36
Is Running: True
Total Connections: 0
Maximum Allowed Connection Number: 1000
Total Handled Requests: 7
Request Handling Speed (#/second): 0
Avialable Sending Queue Items: 256
Total Sending Queue Items: 256

2015-12-20 16:26:36,560 Performance - ---------------------------------------------------
CPU Usage: 0.01%, Physical Memory Usage: 45,809,664.00, Total Thread Count: 26
AvailableWorkingThreads: 32764, AvailableCompletionPortThreads: 1000
MaxWorkingThreads: 32767, MaxCompletionPortThreads: 1000
GameService ----------------------------------
Started Time: 2015/12/20 星期日 15:20:36
Is Running: True
Total Connections: 0
Maximum Allowed Connection Number: 1000
Total Handled Requests: 7
Request Handling Speed (#/second): 0
Avialable Sending Queue Items: 256
Total Sending Queue Items: 256

2015-12-20 16:27:36,560 Performance - ---------------------------------------------------
CPU Usage: 0.01%, Physical Memory Usage: 46,084,096.00, Total Thread Count: 26
AvailableWorkingThreads: 32764, AvailableCompletionPortThreads: 1000
MaxWorkingThreads: 32767, MaxCompletionPortThreads: 1000
GameService ----------------------------------
Started Time: 2015/12/20 星期日 15:20:36
Is Running: True
Total Connections: 0
Maximum Allowed Connection Number: 1000
Total Handled Requests: 7
Request Handling Speed (#/second): 0
Avialable Sending Queue Items: 256
Total Sending Queue Items: 256

2015-12-20 16:28:36,569 Performance - ---------------------------------------------------
CPU Usage: 0.00%, Physical Memory Usage: 46,641,152.00, Total Thread Count: 26
AvailableWorkingThreads: 32764, AvailableCompletionPortThreads: 1000
MaxWorkingThreads: 32767, MaxCompletionPortThreads: 1000
GameService ----------------------------------
Started Time: 2015/12/20 星期日 15:20:36
Is Running: True
Total Connections: 0
Maximum Allowed Connection Number: 1000
Total Handled Requests: 7
Request Handling Speed (#/second): 0
Avialable Sending Queue Items: 256
Total Sending Queue Items: 256

2015-12-20 16:29:36,570 Performance - ---------------------------------------------------
CPU Usage: 0.01%, Physical Memory Usage: 47,190,016.00, Total Thread Count: 27
AvailableWorkingThreads: 32764, AvailableCompletionPortThreads: 1000
MaxWorkingThreads: 32767, MaxCompletionPortThreads: 1000
GameService ----------------------------------
Started Time: 2015/12/20 星期日 15:20:36
Is Running: True
Total Connections: 0
Maximum Allowed Connection Number: 1000
Total Handled Requests: 7
Request Handling Speed (#/second): 0
Avialable Sending Queue Items: 256
Total Sending Queue Items: 256

2015-12-20 16:30:36,571 Performance - ---------------------------------------------------
CPU Usage: 0.01%, Physical Memory Usage: 47,767,552.00, Total Thread Count: 27
AvailableWorkingThreads: 32764, AvailableCompletionPortThreads: 1000
MaxWorkingThreads: 32767, MaxCompletionPortThreads: 1000
GameService ----------------------------------
Started Time: 2015/12/20 星期日 15:20:36
Is Running: True
Total Connections: 0
Maximum Allowed Connection Number: 1000
Total Handled Requests: 7
Request Handling Speed (#/second): 0
Avialable Sending Queue Items: 256
Total Sending Queue Items: 256

2015-12-20 16:31:36,572 Performance - ---------------------------------------------------
CPU Usage: 0.01%, Physical Memory Usage: 48,115,712.00, Total Thread Count: 27
AvailableWorkingThreads: 32764, AvailableCompletionPortThreads: 1000
MaxWorkingThreads: 32767, MaxCompletionPortThreads: 1000
GameService ----------------------------------
Started Time: 2015/12/20 星期日 15:20:36
Is Running: True
Total Connections: 0
Maximum Allowed Connection Number: 1000
Total Handled Requests: 7
Request Handling Speed (#/second): 0
Avialable Sending Queue Items: 256
Total Sending Queue Items: 256

2015-12-20 16:32:36,576 Performance - ---------------------------------------------------
CPU Usage: 0.01%, Physical Memory Usage: 4,272,128.00, Total Thread Count: 26
AvailableWorkingThreads: 32764, AvailableCompletionPortThreads: 1000
MaxWorkingThreads: 32767, MaxCompletionPortThreads: 1000
GameService ----------------------------------
Started Time: 2015/12/20 星期日 15:20:36
Is Running: True
Total Connections: 0
Maximum Allowed Connection Number: 1000
Total Handled Requests: 7
Request Handling Speed (#/second): 0
Avialable Sending Queue Items: 256
Total Sending Queue Items: 256

2015-12-20 16:33:36,573 Performance - ---------------------------------------------------
CPU Usage: 0.01%, Physical Memory Usage: 5,521,408.00, Total Thread Count: 26
AvailableWorkingThreads: 32764, AvailableCompletionPortThreads: 1000
MaxWorkingThreads: 32767, MaxCompletionPortThreads: 1000
GameService ----------------------------------
Started Time: 2015/12/20 星期日 15:20:36
Is Running: True
Total Connections: 0
Maximum Allowed Connection Number: 1000
Total Handled Requests: 7
Request Handling Speed (#/second): 0
Avialable Sending Queue Items: 256
Total Sending Queue Items: 256

2015-12-20 16:34:36,573 Performance - ---------------------------------------------------
CPU Usage: 0.01%, Physical Memory Usage: 5,955,584.00, Total Thread Count: 26
AvailableWorkingThreads: 32764, AvailableCompletionPortThreads: 1000
MaxWorkingThreads: 32767, MaxCompletionPortThreads: 1000
GameService ----------------------------------
Started Time: 2015/12/20 星期日 15:20:36
Is Running: True
Total Connections: 0
Maximum Allowed Connection Number: 1000
Total Handled Requests: 7
Request Handling Speed (#/second): 0
Avialable Sending Queue Items: 256
Total Sending Queue Items: 256

2015-12-20 16:35:36,572 Performance - ---------------------------------------------------
CPU Usage: 0.01%, Physical Memory Usage: 6,754,304.00, Total Thread Count: 26
AvailableWorkingThreads: 32764, AvailableCompletionPortThreads: 1000
MaxWorkingThreads: 32767, MaxCompletionPortThreads: 1000
GameService ----------------------------------
Started Time: 2015/12/20 星期日 15:20:36
Is Running: True
Total Connections: 0
Maximum Allowed Connection Number: 1000
Total Handled Requests: 7
Request Handling Speed (#/second): 0
Avialable Sending Queue Items: 256
Total Sending Queue Items: 256

2015-12-20 16:36:36,573 Performance - ---------------------------------------------------
CPU Usage: 0.01%, Physical Memory Usage: 8,110,080.00, Total Thread Count: 28
AvailableWorkingThreads: 32764, AvailableCompletionPortThreads: 1000
MaxWorkingThreads: 32767, MaxCompletionPortThreads: 1000
GameService ----------------------------------
Started Time: 2015/12/20 星期日 15:20:36
Is Running: True
Total Connections: 0
Maximum Allowed Connection Number: 1000
Total Handled Requests: 7
Request Handling Speed (#/second): 0
Avialable Sending Queue Items: 256
Total Sending Queue Items: 256

2015-12-20 16:37:36,573 Performance - ---------------------------------------------------
CPU Usage: 0.01%, Physical Memory Usage: 8,904,704.00, Total Thread Count: 27
AvailableWorkingThreads: 32764, AvailableCompletionPortThreads: 1000
MaxWorkingThreads: 32767, MaxCompletionPortThreads: 1000
GameService ----------------------------------
Started Time: 2015/12/20 星期日 15:20:36
Is Running: True
Total Connections: 0
Maximum Allowed Connection Number: 1000
Total Handled Requests: 7
Request Handling Speed (#/second): 0
Avialable Sending Queue Items: 256
Total Sending Queue Items: 256

2015-12-20 16:38:36,572 Performance - ---------------------------------------------------
CPU Usage: 0.01%, Physical Memory Usage: 9,326,592.00, Total Thread Count: 27
AvailableWorkingThreads: 32764, AvailableCompletionPortThreads: 1000
MaxWorkingThreads: 32767, MaxCompletionPortThreads: 1000
GameService ----------------------------------
Started Time: 2015/12/20 星期日 15:20:36
Is Running: True
Total Connections: 0
Maximum Allowed Connection Number: 1000
Total Handled Requests: 7
Request Handling Speed (#/second): 0
Avialable Sending Queue Items: 256
Total Sending Queue Items: 256

2015-12-20 16:39:36,575 Performance - ---------------------------------------------------
CPU Usage: 0.01%, Physical Memory Usage: 10,158,080.00, Total Thread Count: 26
AvailableWorkingThreads: 32764, AvailableCompletionPortThreads: 1000
MaxWorkingThreads: 32767, MaxCompletionPortThreads: 1000
GameService ----------------------------------
Started Time: 2015/12/20 星期日 15:20:36
Is Running: True
Total Connections: 0
Maximum Allowed Connection Number: 1000
Total Handled Requests: 7
Request Handling Speed (#/second): 0
Avialable Sending Queue Items: 256
Total Sending Queue Items: 256

2015-12-20 16:40:36,574 Performance - ---------------------------------------------------
CPU Usage: 0.00%, Physical Memory Usage: 10,899,456.00, Total Thread Count: 26
AvailableWorkingThreads: 32764, AvailableCompletionPortThreads: 1000
MaxWorkingThreads: 32767, MaxCompletionPortThreads: 1000
GameService ----------------------------------
Started Time: 2015/12/20 星期日 15:20:36
Is Running: True
Total Connections: 0
Maximum Allowed Connection Number: 1000
Total Handled Requests: 7
Request Handling Speed (#/second): 0
Avialable Sending Queue Items: 256
Total Sending Queue Items: 256

2015-12-20 16:41:36,587 Performance - ---------------------------------------------------
CPU Usage: 0.02%, Physical Memory Usage: 18,026,496.00, Total Thread Count: 26
AvailableWorkingThreads: 32764, AvailableCompletionPortThreads: 1000
MaxWorkingThreads: 32767, MaxCompletionPortThreads: 1000
GameService ----------------------------------
Started Time: 2015/12/20 星期日 15:20:36
Is Running: True
Total Connections: 0
Maximum Allowed Connection Number: 1000
Total Handled Requests: 7
Request Handling Speed (#/second): 0
Avialable Sending Queue Items: 256
Total Sending Queue Items: 256

2015-12-20 16:42:36,573 Performance - ---------------------------------------------------
CPU Usage: 0.01%, Physical Memory Usage: 18,231,296.00, Total Thread Count: 26
AvailableWorkingThreads: 32764, AvailableCompletionPortThreads: 1000
MaxWorkingThreads: 32767, MaxCompletionPortThreads: 1000
GameService ----------------------------------
Started Time: 2015/12/20 星期日 15:20:36
Is Running: True
Total Connections: 0
Maximum Allowed Connection Number: 1000
Total Handled Requests: 7
Request Handling Speed (#/second): 0
Avialable Sending Queue Items: 256
Total Sending Queue Items: 256

2015-12-20 16:43:36,576 Performance - ---------------------------------------------------
CPU Usage: 0.01%, Physical Memory Usage: 18,563,072.00, Total Thread Count: 27
AvailableWorkingThreads: 32764, AvailableCompletionPortThreads: 1000
MaxWorkingThreads: 32767, MaxCompletionPortThreads: 1000
GameService ----------------------------------
Started Time: 2015/12/20 星期日 15:20:36
Is Running: True
Total Connections: 0
Maximum Allowed Connection Number: 1000
Total Handled Requests: 7
Request Handling Speed (#/second): 0
Avialable Sending Queue Items: 256
Total Sending Queue Items: 256

2015-12-20 16:44:36,574 Performance - ---------------------------------------------------
CPU Usage: 0.00%, Physical Memory Usage: 18,944,000.00, Total Thread Count: 27
AvailableWorkingThreads: 32764, AvailableCompletionPortThreads: 1000
MaxWorkingThreads: 32767, MaxCompletionPortThreads: 1000
GameService ----------------------------------
Started Time: 2015/12/20 星期日 15:20:36
Is Running: True
Total Connections: 0
Maximum Allowed Connection Number: 1000
Total Handled Requests: 7
Request Handling Speed (#/second): 0
Avialable Sending Queue Items: 256
Total Sending Queue Items: 256

2015-12-20 16:45:36,575 Performance - ---------------------------------------------------
CPU Usage: 0.01%, Physical Memory Usage: 19,181,568.00, Total Thread Count: 27
AvailableWorkingThreads: 32764, AvailableCompletionPortThreads: 1000
MaxWorkingThreads: 32767, MaxCompletionPortThreads: 1000
GameService ----------------------------------
Started Time: 2015/12/20 星期日 15:20:36
Is Running: True
Total Connections: 0
Maximum Allowed Connection Number: 1000
Total Handled Requests: 7
Request Handling Speed (#/second): 0
Avialable Sending Queue Items: 256
Total Sending Queue Items: 256

2015-12-20 16:46:36,586 Performance - ---------------------------------------------------
CPU Usage: 0.01%, Physical Memory Usage: 19,865,600.00, Total Thread Count: 26
AvailableWorkingThreads: 32764, AvailableCompletionPortThreads: 1000
MaxWorkingThreads: 32767, MaxCompletionPortThreads: 1000
GameService ----------------------------------
Started Time: 2015/12/20 星期日 15:20:36
Is Running: True
Total Connections: 0
Maximum Allowed Connection Number: 1000
Total Handled Requests: 7
Request Handling Speed (#/second): 0
Avialable Sending Queue Items: 256
Total Sending Queue Items: 256

2015-12-20 16:47:36,586 Performance - ---------------------------------------------------
CPU Usage: 0.01%, Physical Memory Usage: 20,426,752.00, Total Thread Count: 26
AvailableWorkingThreads: 32764, AvailableCompletionPortThreads: 1000
MaxWorkingThreads: 32767, MaxCompletionPortThreads: 1000
GameService ----------------------------------
Started Time: 2015/12/20 星期日 15:20:36
Is Running: True
Total Connections: 0
Maximum Allowed Connection Number: 1000
Total Handled Requests: 7
Request Handling Speed (#/second): 0
Avialable Sending Queue Items: 256
Total Sending Queue Items: 256

2015-12-20 16:48:36,586 Performance - ---------------------------------------------------
CPU Usage: 0.01%, Physical Memory Usage: 20,656,128.00, Total Thread Count: 26
AvailableWorkingThreads: 32764, AvailableCompletionPortThreads: 1000
MaxWorkingThreads: 32767, MaxCompletionPortThreads: 1000
GameService ----------------------------------
Started Time: 2015/12/20 星期日 15:20:36
Is Running: True
Total Connections: 0
Maximum Allowed Connection Number: 1000
Total Handled Requests: 7
Request Handling Speed (#/second): 0
Avialable Sending Queue Items: 256
Total Sending Queue Items: 256

2015-12-20 16:49:36,585 Performance - ---------------------------------------------------
CPU Usage: 0.01%, Physical Memory Usage: 21,069,824.00, Total Thread Count: 26
AvailableWorkingThreads: 32764, AvailableCompletionPortThreads: 1000
MaxWorkingThreads: 32767, MaxCompletionPortThreads: 1000
GameService ----------------------------------
Started Time: 2015/12/20 星期日 15:20:36
Is Running: True
Total Connections: 0
Maximum Allowed Connection Number: 1000
Total Handled Requests: 7
Request Handling Speed (#/second): 0
Avialable Sending Queue Items: 256
Total Sending Queue Items: 256

2015-12-20 16:50:36,603 Performance - ---------------------------------------------------
CPU Usage: 0.01%, Physical Memory Usage: 22,896,640.00, Total Thread Count: 27
AvailableWorkingThreads: 32762, AvailableCompletionPortThreads: 1000
MaxWorkingThreads: 32767, MaxCompletionPortThreads: 1000
GameService ----------------------------------
Started Time: 2015/12/20 星期日 15:20:36
Is Running: True
Total Connections: 0
Maximum Allowed Connection Number: 1000
Total Handled Requests: 7
Request Handling Speed (#/second): 0
Avialable Sending Queue Items: 256
Total Sending Queue Items: 256

2015-12-20 16:51:36,587 Performance - ---------------------------------------------------
CPU Usage: 0.01%, Physical Memory Usage: 23,601,152.00, Total Thread Count: 28
AvailableWorkingThreads: 32763, AvailableCompletionPortThreads: 1000
MaxWorkingThreads: 32767, MaxCompletionPortThreads: 1000
GameService ----------------------------------
Started Time: 2015/12/20 星期日 15:20:36
Is Running: True
Total Connections: 0
Maximum Allowed Connection Number: 1000
Total Handled Requests: 7
Request Handling Speed (#/second): 0
Avialable Sending Queue Items: 256
Total Sending Queue Items: 256

2015-12-20 16:52:36,587 Performance - ---------------------------------------------------
CPU Usage: 0.01%, Physical Memory Usage: 24,035,328.00, Total Thread Count: 28
AvailableWorkingThreads: 32763, AvailableCompletionPortThreads: 1000
MaxWorkingThreads: 32767, MaxCompletionPortThreads: 1000
GameService ----------------------------------
Started Time: 2015/12/20 星期日 15:20:36
Is Running: True
Total Connections: 0
Maximum Allowed Connection Number: 1000
Total Handled Requests: 7
Request Handling Speed (#/second): 0
Avialable Sending Queue Items: 256
Total Sending Queue Items: 256

2015-12-20 16:53:36,588 Performance - ---------------------------------------------------
CPU Usage: 0.01%, Physical Memory Usage: 24,580,096.00, Total Thread Count: 26
AvailableWorkingThreads: 32763, AvailableCompletionPortThreads: 1000
MaxWorkingThreads: 32767, MaxCompletionPortThreads: 1000
GameService ----------------------------------
Started Time: 2015/12/20 星期日 15:20:36
Is Running: True
Total Connections: 0
Maximum Allowed Connection Number: 1000
Total Handled Requests: 7
Request Handling Speed (#/second): 0
Avialable Sending Queue Items: 256
Total Sending Queue Items: 256

2015-12-20 16:54:36,603 Performance - ---------------------------------------------------
CPU Usage: 0.01%, Physical Memory Usage: 24,907,776.00, Total Thread Count: 25
AvailableWorkingThreads: 32763, AvailableCompletionPortThreads: 1000
MaxWorkingThreads: 32767, MaxCompletionPortThreads: 1000
GameService ----------------------------------
Started Time: 2015/12/20 星期日 15:20:36
Is Running: True
Total Connections: 0
Maximum Allowed Connection Number: 1000
Total Handled Requests: 7
Request Handling Speed (#/second): 0
Avialable Sending Queue Items: 256
Total Sending Queue Items: 256

2015-12-20 16:55:36,591 Performance - ---------------------------------------------------
CPU Usage: 0.01%, Physical Memory Usage: 16,891,904.00, Total Thread Count: 26
AvailableWorkingThreads: 32763, AvailableCompletionPortThreads: 1000
MaxWorkingThreads: 32767, MaxCompletionPortThreads: 1000
GameService ----------------------------------
Started Time: 2015/12/20 星期日 15:20:36
Is Running: True
Total Connections: 0
Maximum Allowed Connection Number: 1000
Total Handled Requests: 7
Request Handling Speed (#/second): 0
Avialable Sending Queue Items: 256
Total Sending Queue Items: 256

2015-12-20 16:56:36,589 Performance - ---------------------------------------------------
CPU Usage: 0.01%, Physical Memory Usage: 17,362,944.00, Total Thread Count: 27
AvailableWorkingThreads: 32763, AvailableCompletionPortThreads: 1000
MaxWorkingThreads: 32767, MaxCompletionPortThreads: 1000
GameService ----------------------------------
Started Time: 2015/12/20 星期日 15:20:36
Is Running: True
Total Connections: 0
Maximum Allowed Connection Number: 1000
Total Handled Requests: 7
Request Handling Speed (#/second): 0
Avialable Sending Queue Items: 256
Total Sending Queue Items: 256

2015-12-20 16:57:36,593 Performance - ---------------------------------------------------
CPU Usage: 0.01%, Physical Memory Usage: 17,768,448.00, Total Thread Count: 27
AvailableWorkingThreads: 32763, AvailableCompletionPortThreads: 1000
MaxWorkingThreads: 32767, MaxCompletionPortThreads: 1000
GameService ----------------------------------
Started Time: 2015/12/20 星期日 15:20:36
Is Running: True
Total Connections: 0
Maximum Allowed Connection Number: 1000
Total Handled Requests: 7
Request Handling Speed (#/second): 0
Avialable Sending Queue Items: 256
Total Sending Queue Items: 256

2015-12-20 16:58:36,594 Performance - ---------------------------------------------------
CPU Usage: 0.01%, Physical Memory Usage: 19,902,464.00, Total Thread Count: 27
AvailableWorkingThreads: 32762, AvailableCompletionPortThreads: 1000
MaxWorkingThreads: 32767, MaxCompletionPortThreads: 1000
GameService ----------------------------------
Started Time: 2015/12/20 星期日 15:20:36
Is Running: True
Total Connections: 1
Maximum Allowed Connection Number: 1000
Total Handled Requests: 7
Request Handling Speed (#/second): 0
Avialable Sending Queue Items: 255
Total Sending Queue Items: 256

2015-12-20 16:59:36,594 Performance - ---------------------------------------------------
CPU Usage: 0.01%, Physical Memory Usage: 20,348,928.00, Total Thread Count: 27
AvailableWorkingThreads: 32762, AvailableCompletionPortThreads: 1000
MaxWorkingThreads: 32767, MaxCompletionPortThreads: 1000
GameService ----------------------------------
Started Time: 2015/12/20 星期日 15:20:36
Is Running: True
Total Connections: 1
Maximum Allowed Connection Number: 1000
Total Handled Requests: 7
Request Handling Speed (#/second): 0
Avialable Sending Queue Items: 255
Total Sending Queue Items: 256

2015-12-20 17:00:36,593 Performance - ---------------------------------------------------
CPU Usage: 0.01%, Physical Memory Usage: 17,866,752.00, Total Thread Count: 27
AvailableWorkingThreads: 32762, AvailableCompletionPortThreads: 1000
MaxWorkingThreads: 32767, MaxCompletionPortThreads: 1000
GameService ----------------------------------
Started Time: 2015/12/20 星期日 15:20:36
Is Running: True
Total Connections: 1
Maximum Allowed Connection Number: 1000
Total Handled Requests: 7
Request Handling Speed (#/second): 0
Avialable Sending Queue Items: 255
Total Sending Queue Items: 256

2015-12-20 17:01:36,603 Performance - ---------------------------------------------------
CPU Usage: 0.00%, Physical Memory Usage: 18,296,832.00, Total Thread Count: 27
AvailableWorkingThreads: 32762, AvailableCompletionPortThreads: 1000
MaxWorkingThreads: 32767, MaxCompletionPortThreads: 1000
GameService ----------------------------------
Started Time: 2015/12/20 星期日 15:20:36
Is Running: True
Total Connections: 1
Maximum Allowed Connection Number: 1000
Total Handled Requests: 7
Request Handling Speed (#/second): 0
Avialable Sending Queue Items: 255
Total Sending Queue Items: 256

2015-12-20 17:02:36,602 Performance - ---------------------------------------------------
CPU Usage: 0.01%, Physical Memory Usage: 18,731,008.00, Total Thread Count: 27
AvailableWorkingThreads: 32762, AvailableCompletionPortThreads: 1000
MaxWorkingThreads: 32767, MaxCompletionPortThreads: 1000
GameService ----------------------------------
Started Time: 2015/12/20 星期日 15:20:36
Is Running: True
Total Connections: 1
Maximum Allowed Connection Number: 1000
Total Handled Requests: 7
Request Handling Speed (#/second): 0
Avialable Sending Queue Items: 255
Total Sending Queue Items: 256

2015-12-20 17:03:36,650 Performance - ---------------------------------------------------
CPU Usage: 0.02%, Physical Memory Usage: 22,167,552.00, Total Thread Count: 27
AvailableWorkingThreads: 32762, AvailableCompletionPortThreads: 1000
MaxWorkingThreads: 32767, MaxCompletionPortThreads: 1000
GameService ----------------------------------
Started Time: 2015/12/20 星期日 15:20:36
Is Running: True
Total Connections: 1
Maximum Allowed Connection Number: 1000
Total Handled Requests: 7
Request Handling Speed (#/second): 0
Avialable Sending Queue Items: 255
Total Sending Queue Items: 256

2015-12-20 17:04:36,617 Performance - ---------------------------------------------------
CPU Usage: 0.01%, Physical Memory Usage: 22,560,768.00, Total Thread Count: 27
AvailableWorkingThreads: 32762, AvailableCompletionPortThreads: 1000
MaxWorkingThreads: 32767, MaxCompletionPortThreads: 1000
GameService ----------------------------------
Started Time: 2015/12/20 星期日 15:20:36
Is Running: True
Total Connections: 1
Maximum Allowed Connection Number: 1000
Total Handled Requests: 7
Request Handling Speed (#/second): 0
Avialable Sending Queue Items: 255
Total Sending Queue Items: 256

2015-12-20 17:05:36,613 Performance - ---------------------------------------------------
CPU Usage: 0.01%, Physical Memory Usage: 21,049,344.00, Total Thread Count: 27
AvailableWorkingThreads: 32762, AvailableCompletionPortThreads: 1000
MaxWorkingThreads: 32767, MaxCompletionPortThreads: 1000
GameService ----------------------------------
Started Time: 2015/12/20 星期日 15:20:36
Is Running: True
Total Connections: 1
Maximum Allowed Connection Number: 1000
Total Handled Requests: 7
Request Handling Speed (#/second): 0
Avialable Sending Queue Items: 255
Total Sending Queue Items: 256

2015-12-20 17:06:36,606 Performance - ---------------------------------------------------
CPU Usage: 0.01%, Physical Memory Usage: 21,753,856.00, Total Thread Count: 28
AvailableWorkingThreads: 32762, AvailableCompletionPortThreads: 1000
MaxWorkingThreads: 32767, MaxCompletionPortThreads: 1000
GameService ----------------------------------
Started Time: 2015/12/20 星期日 15:20:36
Is Running: True
Total Connections: 1
Maximum Allowed Connection Number: 1000
Total Handled Requests: 7
Request Handling Speed (#/second): 0
Avialable Sending Queue Items: 255
Total Sending Queue Items: 256

2015-12-20 17:07:36,605 Performance - ---------------------------------------------------
CPU Usage: 0.00%, Physical Memory Usage: 22,310,912.00, Total Thread Count: 28
AvailableWorkingThreads: 32762, AvailableCompletionPortThreads: 1000
MaxWorkingThreads: 32767, MaxCompletionPortThreads: 1000
GameService ----------------------------------
Started Time: 2015/12/20 星期日 15:20:36
Is Running: True
Total Connections: 1
Maximum Allowed Connection Number: 1000
Total Handled Requests: 7
Request Handling Speed (#/second): 0
Avialable Sending Queue Items: 255
Total Sending Queue Items: 256

2015-12-20 17:08:36,620 Performance - ---------------------------------------------------
CPU Usage: 0.01%, Physical Memory Usage: 23,306,240.00, Total Thread Count: 28
AvailableWorkingThreads: 32762, AvailableCompletionPortThreads: 1000
MaxWorkingThreads: 32767, MaxCompletionPortThreads: 1000
GameService ----------------------------------
Started Time: 2015/12/20 星期日 15:20:36
Is Running: True
Total Connections: 0
Maximum Allowed Connection Number: 1000
Total Handled Requests: 7
Request Handling Speed (#/second): 0
Avialable Sending Queue Items: 256
Total Sending Queue Items: 256

2015-12-20 17:09:36,620 Performance - ---------------------------------------------------
CPU Usage: 0.01%, Physical Memory Usage: 23,904,256.00, Total Thread Count: 26
AvailableWorkingThreads: 32766, AvailableCompletionPortThreads: 1000
MaxWorkingThreads: 32767, MaxCompletionPortThreads: 1000
GameService ----------------------------------
Started Time: 2015/12/20 星期日 15:20:36
Is Running: True
Total Connections: 1
Maximum Allowed Connection Number: 1000
Total Handled Requests: 7
Request Handling Speed (#/second): 0
Avialable Sending Queue Items: 255
Total Sending Queue Items: 256

2015-12-20 17:10:56,007 Performance - ---------------------------------------------------
CPU Usage: 0.00%, Physical Memory Usage: 38,645,760.00, Total Thread Count: 28
AvailableWorkingThreads: 32766, AvailableCompletionPortThreads: 1000
MaxWorkingThreads: 32767, MaxCompletionPortThreads: 1000
GameService ----------------------------------
Started Time: 2015/12/20 星期日 17:10:55
Is Running: True
Total Connections: 0
Maximum Allowed Connection Number: 1000
Total Handled Requests: 0
Request Handling Speed (#/second): 0
Avialable Sending Queue Items: 256
Total Sending Queue Items: 256

2015-12-20 17:11:55,991 Performance - ---------------------------------------------------
CPU Usage: 0.11%, Physical Memory Usage: 40,808,448.00, Total Thread Count: 32
AvailableWorkingThreads: 32765, AvailableCompletionPortThreads: 1000
MaxWorkingThreads: 32767, MaxCompletionPortThreads: 1000
GameService ----------------------------------
Started Time: 2015/12/20 星期日 17:10:55
Is Running: True
Total Connections: 1
Maximum Allowed Connection Number: 1000
Total Handled Requests: 3
Request Handling Speed (#/second): 0
Avialable Sending Queue Items: 255
Total Sending Queue Items: 256

2015-12-20 17:12:56,005 Performance - ---------------------------------------------------
CPU Usage: 0.03%, Physical Memory Usage: 41,168,896.00, Total Thread Count: 30
AvailableWorkingThreads: 32766, AvailableCompletionPortThreads: 1000
MaxWorkingThreads: 32767, MaxCompletionPortThreads: 1000
GameService ----------------------------------
Started Time: 2015/12/20 星期日 17:10:55
Is Running: True
Total Connections: 0
Maximum Allowed Connection Number: 1000
Total Handled Requests: 4
Request Handling Speed (#/second): 0
Avialable Sending Queue Items: 256
Total Sending Queue Items: 256

2015-12-20 17:13:56,003 Performance - ---------------------------------------------------
CPU Usage: 0.21%, Physical Memory Usage: 42,704,896.00, Total Thread Count: 25
AvailableWorkingThreads: 32766, AvailableCompletionPortThreads: 1000
MaxWorkingThreads: 32767, MaxCompletionPortThreads: 1000
GameService ----------------------------------
Started Time: 2015/12/20 星期日 17:10:55
Is Running: True
Total Connections: 1
Maximum Allowed Connection Number: 1000
Total Handled Requests: 6
Request Handling Speed (#/second): 0
Avialable Sending Queue Items: 255
Total Sending Queue Items: 256

2015-12-20 17:14:56,000 Performance - ---------------------------------------------------
CPU Usage: 0.01%, Physical Memory Usage: 43,048,960.00, Total Thread Count: 25
AvailableWorkingThreads: 32766, AvailableCompletionPortThreads: 1000
MaxWorkingThreads: 32767, MaxCompletionPortThreads: 1000
GameService ----------------------------------
Started Time: 2015/12/20 星期日 17:10:55
Is Running: True
Total Connections: 1
Maximum Allowed Connection Number: 1000
Total Handled Requests: 6
Request Handling Speed (#/second): 0
Avialable Sending Queue Items: 255
Total Sending Queue Items: 256

2015-12-20 17:15:55,994 Performance - ---------------------------------------------------
CPU Usage: 0.00%, Physical Memory Usage: 42,479,616.00, Total Thread Count: 25
AvailableWorkingThreads: 32766, AvailableCompletionPortThreads: 1000
MaxWorkingThreads: 32767, MaxCompletionPortThreads: 1000
GameService ----------------------------------
Started Time: 2015/12/20 星期日 17:10:55
Is Running: True
Total Connections: 1
Maximum Allowed Connection Number: 1000
Total Handled Requests: 6
Request Handling Speed (#/second): 0
Avialable Sending Queue Items: 255
Total Sending Queue Items: 256

2015-12-20 17:16:55,993 Performance - ---------------------------------------------------
CPU Usage: 0.01%, Physical Memory Usage: 42,913,792.00, Total Thread Count: 25
AvailableWorkingThreads: 32766, AvailableCompletionPortThreads: 1000
MaxWorkingThreads: 32767, MaxCompletionPortThreads: 1000
GameService ----------------------------------
Started Time: 2015/12/20 星期日 17:10:55
Is Running: True
Total Connections: 0
Maximum Allowed Connection Number: 1000
Total Handled Requests: 6
Request Handling Speed (#/second): 0
Avialable Sending Queue Items: 256
Total Sending Queue Items: 256

2015-12-20 17:17:56,003 Performance - ---------------------------------------------------
CPU Usage: 0.01%, Physical Memory Usage: 43,544,576.00, Total Thread Count: 27
AvailableWorkingThreads: 32766, AvailableCompletionPortThreads: 1000
MaxWorkingThreads: 32767, MaxCompletionPortThreads: 1000
GameService ----------------------------------
Started Time: 2015/12/20 星期日 17:10:55
Is Running: True
Total Connections: 1
Maximum Allowed Connection Number: 1000
Total Handled Requests: 8
Request Handling Speed (#/second): 0
Avialable Sending Queue Items: 255
Total Sending Queue Items: 256

2015-12-20 17:18:55,996 Performance - ---------------------------------------------------
CPU Usage: 0.01%, Physical Memory Usage: 43,675,648.00, Total Thread Count: 25
AvailableWorkingThreads: 32766, AvailableCompletionPortThreads: 1000
MaxWorkingThreads: 32767, MaxCompletionPortThreads: 1000
GameService ----------------------------------
Started Time: 2015/12/20 星期日 17:10:55
Is Running: True
Total Connections: 1
Maximum Allowed Connection Number: 1000
Total Handled Requests: 10
Request Handling Speed (#/second): 0
Avialable Sending Queue Items: 255
Total Sending Queue Items: 256

2015-12-20 17:19:55,994 Performance - ---------------------------------------------------
CPU Usage: 0.01%, Physical Memory Usage: 44,056,576.00, Total Thread Count: 25
AvailableWorkingThreads: 32766, AvailableCompletionPortThreads: 1000
MaxWorkingThreads: 32767, MaxCompletionPortThreads: 1000
GameService ----------------------------------
Started Time: 2015/12/20 星期日 17:10:55
Is Running: True
Total Connections: 1
Maximum Allowed Connection Number: 1000
Total Handled Requests: 10
Request Handling Speed (#/second): 0
Avialable Sending Queue Items: 255
Total Sending Queue Items: 256

2015-12-20 17:20:55,997 Performance - ---------------------------------------------------
CPU Usage: 0.01%, Physical Memory Usage: 44,478,464.00, Total Thread Count: 25
AvailableWorkingThreads: 32766, AvailableCompletionPortThreads: 1000
MaxWorkingThreads: 32767, MaxCompletionPortThreads: 1000
GameService ----------------------------------
Started Time: 2015/12/20 星期日 17:10:55
Is Running: True
Total Connections: 1
Maximum Allowed Connection Number: 1000
Total Handled Requests: 10
Request Handling Speed (#/second): 0
Avialable Sending Queue Items: 255
Total Sending Queue Items: 256

2015-12-20 17:21:56,011 Performance - ---------------------------------------------------
CPU Usage: 0.02%, Physical Memory Usage: 45,416,448.00, Total Thread Count: 27
AvailableWorkingThreads: 32766, AvailableCompletionPortThreads: 1000
MaxWorkingThreads: 32767, MaxCompletionPortThreads: 1000
GameService ----------------------------------
Started Time: 2015/12/20 星期日 17:10:55
Is Running: True
Total Connections: 1
Maximum Allowed Connection Number: 1000
Total Handled Requests: 12
Request Handling Speed (#/second): 0
Avialable Sending Queue Items: 255
Total Sending Queue Items: 256

2015-12-20 17:22:56,017 Performance - ---------------------------------------------------
CPU Usage: 0.01%, Physical Memory Usage: 45,518,848.00, Total Thread Count: 26
AvailableWorkingThreads: 32766, AvailableCompletionPortThreads: 1000
MaxWorkingThreads: 32767, MaxCompletionPortThreads: 1000
GameService ----------------------------------
Started Time: 2015/12/20 星期日 17:10:55
Is Running: True
Total Connections: 1
Maximum Allowed Connection Number: 1000
Total Handled Requests: 12
Request Handling Speed (#/second): 0
Avialable Sending Queue Items: 255
Total Sending Queue Items: 256

2015-12-20 17:23:56,020 Performance - ---------------------------------------------------
CPU Usage: 0.01%, Physical Memory Usage: 45,576,192.00, Total Thread Count: 26
AvailableWorkingThreads: 32766, AvailableCompletionPortThreads: 1000
MaxWorkingThreads: 32767, MaxCompletionPortThreads: 1000
GameService ----------------------------------
Started Time: 2015/12/20 星期日 17:10:55
Is Running: True
Total Connections: 0
Maximum Allowed Connection Number: 1000
Total Handled Requests: 12
Request Handling Speed (#/second): 0
Avialable Sending Queue Items: 256
Total Sending Queue Items: 256

2015-12-20 17:24:56,018 Performance - ---------------------------------------------------
CPU Usage: 0.01%, Physical Memory Usage: 45,740,032.00, Total Thread Count: 25
AvailableWorkingThreads: 32766, AvailableCompletionPortThreads: 1000
MaxWorkingThreads: 32767, MaxCompletionPortThreads: 1000
GameService ----------------------------------
Started Time: 2015/12/20 星期日 17:10:55
Is Running: True
Total Connections: 0
Maximum Allowed Connection Number: 1000
Total Handled Requests: 13
Request Handling Speed (#/second): 0
Avialable Sending Queue Items: 256
Total Sending Queue Items: 256

2015-12-20 17:25:56,008 Performance - ---------------------------------------------------
CPU Usage: 0.00%, Physical Memory Usage: 45,875,200.00, Total Thread Count: 25
AvailableWorkingThreads: 32766, AvailableCompletionPortThreads: 1000
MaxWorkingThreads: 32767, MaxCompletionPortThreads: 1000
GameService ----------------------------------
Started Time: 2015/12/20 星期日 17:10:55
Is Running: True
Total Connections: 0
Maximum Allowed Connection Number: 1000
Total Handled Requests: 13
Request Handling Speed (#/second): 0
Avialable Sending Queue Items: 256
Total Sending Queue Items: 256

2015-12-20 17:26:56,008 Performance - ---------------------------------------------------
CPU Usage: 0.01%, Physical Memory Usage: 43,692,032.00, Total Thread Count: 25
AvailableWorkingThreads: 32766, AvailableCompletionPortThreads: 1000
MaxWorkingThreads: 32767, MaxCompletionPortThreads: 1000
GameService ----------------------------------
Started Time: 2015/12/20 星期日 17:10:55
Is Running: True
Total Connections: 0
Maximum Allowed Connection Number: 1000
Total Handled Requests: 13
Request Handling Speed (#/second): 0
Avialable Sending Queue Items: 256
Total Sending Queue Items: 256

